#
# There is insufficient memory for the Java Runtime Environment to continue.
# Native memory allocation (mmap) failed to map 46137344 bytes for G1 virtual space
# Possible reasons:
#   The system is out of physical RAM or swap space
#   The process is running with CompressedOops enabled, and the Java Heap may be blocking the growth of the native heap
# Possible solutions:
#   Reduce memory load on the system
#   Increase physical memory or swap space
#   Check if swap backing store is full
#   Decrease Java heap size (-Xmx/-Xms)
#   Decrease number of Java threads
#   Decrease Java thread stack sizes (-Xss)
#   Set larger code cache with -XX:ReservedCodeCacheSize=
#   JVM is running with Unscaled Compressed Oops mode in which the Java heap is
#     placed in the first 4GB address space. The Java Heap base address is the
#     maximum limit for the native heap growth. Please use -XX:HeapBaseMinAddress
#     to set the Java Heap base and to place the Java Heap above 4GB virtual address.
# This output file may be truncated or incomplete.
#
#  Out of Memory Error (os_windows.cpp:3769), pid=36732, tid=17196
#
# JRE version: OpenJDK Runtime Environment (17.0.6) (build 17.0.6+0-b2043.56-10027231)
# Java VM: OpenJDK 64-Bit Server VM (17.0.6+0-b2043.56-10027231, mixed mode, tiered, compressed oops, compressed class ptrs, g1 gc, windows-amd64)
# No core dump will be written. Minidumps are not enabled by default on client versions of Windows
#

---------------  S U M M A R Y ------------

Command Line: --add-opens=java.base/java.util=ALL-UNNAMED --add-opens=java.base/java.lang=ALL-UNNAMED --add-opens=java.base/java.lang.invoke=ALL-UNNAMED --add-opens=java.prefs/java.util.prefs=ALL-UNNAMED --add-opens=java.base/java.nio.charset=ALL-UNNAMED --add-opens=java.base/java.net=ALL-UNNAMED --add-opens=java.base/java.util.concurrent.atomic=ALL-UNNAMED -Xmx2048m -Dfile.encoding=UTF-8 -Duser.country=US -Duser.language=en -Duser.variant org.gradle.launcher.daemon.bootstrap.GradleDaemon 8.0

Host: AMD Ryzen 7 7735HS with Radeon Graphics        , 16 cores, 13G,  Windows 11 , 64 bit Build 22621 (10.0.22621.2428)
Time: Fri Oct 27 22:51:49 2023 Mountain Daylight Time elapsed time: 4.781299 seconds (0d 0h 0m 4s)

---------------  T H R E A D  ---------------

Current thread (0x0000020b738e9d20):  VMThread "VM Thread" [stack: 0x000000eb10400000,0x000000eb10500000] [id=17196]

Stack: [0x000000eb10400000,0x000000eb10500000]
Native frames: (J=compiled Java code, j=interpreted, Vv=VM code, C=native code)
V  [jvm.dll+0x683c9a]
V  [jvm.dll+0x8427a4]
V  [jvm.dll+0x843f9e]
V  [jvm.dll+0x844603]
V  [jvm.dll+0x249b75]
V  [jvm.dll+0x680b69]
V  [jvm.dll+0x67505a]
V  [jvm.dll+0x309acb]
V  [jvm.dll+0x310f86]
V  [jvm.dll+0x3608ee]
V  [jvm.dll+0x360b1f]
V  [jvm.dll+0x2dfbf8]
V  [jvm.dll+0x2ddec4]
V  [jvm.dll+0x2dd4cc]
V  [jvm.dll+0x321f3b]
V  [jvm.dll+0x848ccb]
V  [jvm.dll+0x849a04]
V  [jvm.dll+0x849f1d]
V  [jvm.dll+0x84a2f4]
V  [jvm.dll+0x84a3c0]
V  [jvm.dll+0x7f274a]
V  [jvm.dll+0x682ad5]
C  [ucrtbase.dll+0x29363]
C  [KERNEL32.DLL+0x1257d]
C  [ntdll.dll+0x5aa78]

VM_Operation (0x000000eb122f2df0): G1CollectForAllocation, mode: safepoint, requested by thread 0x0000020b769fce00


---------------  P R O C E S S  ---------------

Threads class SMR info:
_java_thread_list=0x0000020b7dfd1a80, length=209, elements={
0x0000020b58fb70e0, 0x0000020b738ed520, 0x0000020b738ee390, 0x0000020b74447560,
0x0000020b7447c500, 0x0000020b7447efc0, 0x0000020b7447f970, 0x0000020b74481520,
0x0000020b74482fd0, 0x0000020b744861e0, 0x0000020b745e39f0, 0x0000020b7461c010,
0x0000020b74622160, 0x0000020b7475d640, 0x0000020b747fcf90, 0x0000020b75369180,
0x0000020b74a6ce80, 0x0000020b77d14100, 0x0000020b75ea87b0, 0x0000020b75545bd0,
0x0000020b76faf5f0, 0x0000020b77084470, 0x0000020b77913660, 0x0000020b769fce00,
0x0000020b769fc930, 0x0000020b769ff950, 0x0000020b769ffe20, 0x0000020b769fefb0,
0x0000020b76a002f0, 0x0000020b769fdc70, 0x0000020b769fe610, 0x0000020b769fd7a0,
0x0000020b769fe140, 0x0000020b769feae0, 0x0000020b79a600c0, 0x0000020b79a5d570,
0x0000020b79a58d40, 0x0000020b79a59bb0, 0x0000020b79a5b890, 0x0000020b79a5a080,
0x0000020b79a5da40, 0x0000020b79a5aef0, 0x0000020b79a596e0, 0x0000020b79a5ed80,
0x0000020b79a5b3c0, 0x0000020b79a59210, 0x0000020b79a5f250, 0x0000020b79a5f720,
0x0000020b79a5fbf0, 0x0000020b79a60590, 0x0000020b77f3d4c0, 0x0000020b77f3a970,
0x0000020b77f36fb0, 0x0000020b77f35c70, 0x0000020b77f39630, 0x0000020b77f387c0,
0x0000020b77f37480, 0x0000020b77f382f0, 0x0000020b77f37950, 0x0000020b77f38c90,
0x0000020b77f39fd0, 0x0000020b77f3ae40, 0x0000020b77f3c180, 0x0000020b77f39160,
0x0000020b77f3b7e0, 0x0000020b77f36140, 0x0000020b77f3c650, 0x0000020b77f37e20,
0x0000020b77f39b00, 0x0000020b77f3b310, 0x0000020b77f3a4a0, 0x0000020b77f3bcb0,
0x0000020b77f3cb20, 0x0000020b77f3cff0, 0x0000020b77f36610, 0x0000020b77f36ae0,
0x0000020b7a31acd0, 0x0000020b7a31d350, 0x0000020b7a31c9b0, 0x0000020b7a31dcf0,
0x0000020b7a319990, 0x0000020b7a318b20, 0x0000020b7a31e1c0, 0x0000020b7a31c010,
0x0000020b7a319e60, 0x0000020b7a31c4e0, 0x0000020b7a31ce80, 0x0000020b7a31a800,
0x0000020b7a31d820, 0x0000020b7a31e690, 0x0000020b7a31eb60, 0x0000020b7a31f030,
0x0000020b7a31b1a0, 0x0000020b7a31f500, 0x0000020b7a31f9d0, 0x0000020b7a31b670,
0x0000020b7a31fea0, 0x0000020b7a3194c0, 0x0000020b7a320370, 0x0000020b7a318ff0,
0x0000020b7a31a330, 0x0000020b7a31bb40, 0x0000020b7b2fb7e0, 0x0000020b7b2fe330,
0x0000020b7b2fb310, 0x0000020b7b2fe800, 0x0000020b7b2fbcb0, 0x0000020b7b2fcb20,
0x0000020b7b2fde60, 0x0000020b7b2fd990, 0x0000020b7b2fecd0, 0x0000020b7b2ff1a0,
0x0000020b7b2fc180, 0x0000020b7b2ff670, 0x0000020b7b2fc650, 0x0000020b7b2f9fd0,
0x0000020b7b2fcff0, 0x0000020b7b2fd4c0, 0x0000020b7b2fa4a0, 0x0000020b7b2ffb40,
0x0000020b7b300010, 0x0000020b7b3004e0, 0x0000020b7b2f8c90, 0x0000020b7b2f9160,
0x0000020b7b2fa970, 0x0000020b7b2f9630, 0x0000020b7b2f9b00, 0x0000020b7b2fae40,
0x0000020b7aa6c120, 0x0000020b7aa6bc50, 0x0000020b7aa69100, 0x0000020b7aa695d0,
0x0000020b7aa6f140, 0x0000020b7aa6b2b0, 0x0000020b7aa6fae0, 0x0000020b7aa6b780,
0x0000020b7aa68290, 0x0000020b7aa6ade0, 0x0000020b7aa68c30, 0x0000020b7aa69aa0,
0x0000020b7aa6c5f0, 0x0000020b7aa6cac0, 0x0000020b7aa6cf90, 0x0000020b7aa6e7a0,
0x0000020b7aa6a440, 0x0000020b7aa69f70, 0x0000020b7aa6d460, 0x0000020b7aa6f610,
0x0000020b7aa6a910, 0x0000020b7aa6ec70, 0x0000020b7aa68760, 0x0000020b7aa6d930,
0x0000020b7aa6de00, 0x0000020b7aa6e2d0, 0x0000020b7a29fcf0, 0x0000020b7a29b990,
0x0000020b7a29c800, 0x0000020b7a2a1030, 0x0000020b7a29d670, 0x0000020b7a29ccd0,
0x0000020b7a29e010, 0x0000020b7a29c330, 0x0000020b7a29ee80, 0x0000020b7a29b4c0,
0x0000020b7a2a0b60, 0x0000020b7a2a1500, 0x0000020b7a29db40, 0x0000020b7a29e4e0,
0x0000020b7a29be60, 0x0000020b7a2a01c0, 0x0000020b7a29e9b0, 0x0000020b7a29f350,
0x0000020b7a29d1a0, 0x0000020b7a2a19d0, 0x0000020b7a29f820, 0x0000020b7a2a0690,
0x0000020b7a2a1ea0, 0x0000020b7a2a2840, 0x0000020b7a2a2370, 0x0000020b7a29aff0,
0x0000020b7a2fcde0, 0x0000020b7a2fef90, 0x0000020b7a2fac30, 0x0000020b7a2fc910,
0x0000020b7a2fa760, 0x0000020b7a2fbf70, 0x0000020b7a2ffe00, 0x0000020b7a2fbaa0,
0x0000020b7a2f98f0, 0x0000020b7a2fd2b0, 0x0000020b7a3002d0, 0x0000020b7a2ff460,
0x0000020b7a2fd780, 0x0000020b7a2fdc50, 0x0000020b7a2f9420, 0x0000020b7a2f8f50,
0x0000020b7a2fa290, 0x0000020b7a2fe120, 0x0000020b7a2fe5f0, 0x0000020b7a2ff930,
0x0000020b7a2f8a80, 0x0000020b7a2f9dc0, 0x0000020b7a2fb100, 0x0000020b7a2feac0,
0x0000020b7a2fc440, 0x0000020b7a2fb5d0, 0x0000020b79877e00, 0x0000020b778ba090,
0x0000020b79876f90
}

Java Threads: ( => current thread )
  0x0000020b58fb70e0 JavaThread "main" [_thread_blocked, id=21472, stack(0x000000eb0fe00000,0x000000eb0ff00000)]
  0x0000020b738ed520 JavaThread "Reference Handler" daemon [_thread_blocked, id=13412, stack(0x000000eb10500000,0x000000eb10600000)]
  0x0000020b738ee390 JavaThread "Finalizer" daemon [_thread_blocked, id=26556, stack(0x000000eb10600000,0x000000eb10700000)]
  0x0000020b74447560 JavaThread "Signal Dispatcher" daemon [_thread_blocked, id=28980, stack(0x000000eb10700000,0x000000eb10800000)]
  0x0000020b7447c500 JavaThread "Attach Listener" daemon [_thread_blocked, id=31556, stack(0x000000eb10800000,0x000000eb10900000)]
  0x0000020b7447efc0 JavaThread "Service Thread" daemon [_thread_blocked, id=10028, stack(0x000000eb10900000,0x000000eb10a00000)]
  0x0000020b7447f970 JavaThread "Monitor Deflation Thread" daemon [_thread_blocked, id=10652, stack(0x000000eb10a00000,0x000000eb10b00000)]
  0x0000020b74481520 JavaThread "C2 CompilerThread0" daemon [_thread_blocked, id=30684, stack(0x000000eb10b00000,0x000000eb10c00000)]
  0x0000020b74482fd0 JavaThread "C1 CompilerThread0" daemon [_thread_blocked, id=13380, stack(0x000000eb10c00000,0x000000eb10d00000)]
  0x0000020b744861e0 JavaThread "Sweeper thread" daemon [_thread_blocked, id=1980, stack(0x000000eb10d00000,0x000000eb10e00000)]
  0x0000020b745e39f0 JavaThread "C1 CompilerThread1" daemon [_thread_blocked, id=9020, stack(0x000000eb10e00000,0x000000eb10f00000)]
  0x0000020b7461c010 JavaThread "Common-Cleaner" daemon [_thread_blocked, id=28388, stack(0x000000eb10f00000,0x000000eb11000000)]
  0x0000020b74622160 JavaThread "Notification Thread" daemon [_thread_blocked, id=30584, stack(0x000000eb11000000,0x000000eb11100000)]
  0x0000020b7475d640 JavaThread "C2 CompilerThread1" daemon [_thread_blocked, id=3664, stack(0x000000eb11200000,0x000000eb11300000)]
  0x0000020b747fcf90 JavaThread "C2 CompilerThread2" daemon [_thread_blocked, id=11072, stack(0x000000eb11300000,0x000000eb11400000)]
  0x0000020b75369180 JavaThread "C1 CompilerThread2" daemon [_thread_blocked, id=19828, stack(0x000000eb11600000,0x000000eb11700000)]
  0x0000020b74a6ce80 JavaThread "C1 CompilerThread3" daemon [_thread_blocked, id=19444, stack(0x000000eb11700000,0x000000eb11800000)]
  0x0000020b77d14100 JavaThread "Daemon health stats" [_thread_blocked, id=35416, stack(0x000000eb11c00000,0x000000eb11d00000)]
  0x0000020b75ea87b0 JavaThread "Incoming local TCP Connector on port 58256" [_thread_in_native, id=2232, stack(0x000000eb11d00000,0x000000eb11e00000)]
  0x0000020b75545bd0 JavaThread "Daemon periodic checks" [_thread_blocked, id=23004, stack(0x000000eb11e00000,0x000000eb11f00000)]
  0x0000020b76faf5f0 JavaThread "Daemon" [_thread_blocked, id=19920, stack(0x000000eb11f00000,0x000000eb12000000)]
  0x0000020b77084470 JavaThread "Handler for socket connection from /127.0.0.1:58256 to /127.0.0.1:58257" [_thread_in_native, id=20028, stack(0x000000eb12000000,0x000000eb12100000)]
  0x0000020b77913660 JavaThread "Cancel handler" [_thread_blocked, id=10480, stack(0x000000eb12100000,0x000000eb12200000)]
  0x0000020b769fce00 JavaThread "Daemon worker" [_thread_blocked, id=28288, stack(0x000000eb12200000,0x000000eb12300000)]
  0x0000020b769fc930 JavaThread "Asynchronous log dispatcher for DefaultDaemonConnection: socket connection from /127.0.0.1:58256 to /127.0.0.1:58257" [_thread_blocked, id=6848, stack(0x000000eb12300000,0x000000eb12400000)]
  0x0000020b769ff950 JavaThread "Stdin handler" [_thread_blocked, id=23848, stack(0x000000eb12400000,0x000000eb12500000)]
  0x0000020b769ffe20 JavaThread "Daemon client event forwarder" [_thread_blocked, id=11648, stack(0x000000eb12500000,0x000000eb12600000)]
  0x0000020b769fefb0 JavaThread "Cache worker for journal cache (C:\Users\Immanuel Bierer\.gradle\caches\journal-1)" [_thread_blocked, id=6676, stack(0x000000eb13000000,0x000000eb13100000)]
  0x0000020b76a002f0 JavaThread "File lock request listener" [_thread_in_native, id=17504, stack(0x000000eb13100000,0x000000eb13200000)]
  0x0000020b769fdc70 JavaThread "Cache worker for file hash cache (C:\Users\Immanuel Bierer\.gradle\caches\8.0\fileHashes)" [_thread_blocked, id=23456, stack(0x000000eb11500000,0x000000eb11600000)]
  0x0000020b769fe610 JavaThread "File watcher server" daemon [_thread_in_native, id=26328, stack(0x000000eb13200000,0x000000eb13300000)]
  0x0000020b769fd7a0 JavaThread "File watcher consumer" daemon [_thread_blocked, id=29396, stack(0x000000eb13300000,0x000000eb13400000)]
  0x0000020b769fe140 JavaThread "Cache worker for checksums cache (C:\Android\LiveWallpaper05\.gradle\8.0\checksums)" [_thread_blocked, id=13092, stack(0x000000eb13400000,0x000000eb13500000)]
  0x0000020b769feae0 JavaThread "Cache worker for cache directory md-rule (C:\Users\Immanuel Bierer\.gradle\caches\8.0\md-rule)" [_thread_blocked, id=12756, stack(0x000000eb13500000,0x000000eb13600000)]
  0x0000020b79a600c0 JavaThread "Cache worker for file content cache (C:\Users\Immanuel Bierer\.gradle\caches\8.0\fileContent)" [_thread_blocked, id=888, stack(0x000000eb13600000,0x000000eb13700000)]
  0x0000020b79a5d570 JavaThread "Cache worker for file hash cache (C:\Android\LiveWallpaper05\.gradle\8.0\fileHashes)" [_thread_blocked, id=8240, stack(0x000000eb13700000,0x000000eb13800000)]
  0x0000020b79a58d40 JavaThread "Cache worker for cache directory md-supplier (C:\Users\Immanuel Bierer\.gradle\caches\8.0\md-supplier)" [_thread_blocked, id=320, stack(0x000000eb13800000,0x000000eb13900000)]
  0x0000020b79a59bb0 JavaThread "Cache worker for execution history cache (C:\Users\Immanuel Bierer\.gradle\caches\8.0\executionHistory)" [_thread_blocked, id=24820, stack(0x000000eb13900000,0x000000eb13a00000)]
  0x0000020b79a5b890 JavaThread "jar transforms" [_thread_blocked, id=10836, stack(0x000000eb13a00000,0x000000eb13b00000)]
  0x0000020b79a5a080 JavaThread "jar transforms Thread 2" [_thread_blocked, id=14212, stack(0x000000eb13b00000,0x000000eb13c00000)]
  0x0000020b79a5da40 JavaThread "Cache worker for kotlin-dsl (C:\Users\Immanuel Bierer\.gradle\caches\8.0\kotlin-dsl)" [_thread_blocked, id=22948, stack(0x000000eb13c00000,0x000000eb13d00000)]
  0x0000020b79a5aef0 JavaThread "jar transforms Thread 3" [_thread_blocked, id=30008, stack(0x000000eb13d00000,0x000000eb13e00000)]
  0x0000020b79a596e0 JavaThread "jar transforms Thread 4" [_thread_blocked, id=28136, stack(0x000000eb13e00000,0x000000eb13f00000)]
  0x0000020b79a5ed80 JavaThread "Cache worker for dependencies-accessors (C:\Android\LiveWallpaper05\.gradle\8.0\dependencies-accessors)" [_thread_blocked, id=7048, stack(0x000000eb13f00000,0x000000eb14000000)]
  0x0000020b79a5b3c0 JavaThread "Cache worker for Build Output Cleanup Cache (C:\Android\LiveWallpaper05\.gradle\buildOutputCleanup)" [_thread_blocked, id=36172, stack(0x000000eb14000000,0x000000eb14100000)]
  0x0000020b79a59210 JavaThread "jar transforms Thread 5" [_thread_blocked, id=28036, stack(0x000000eb14100000,0x000000eb14200000)]
  0x0000020b79a5f250 JavaThread "Unconstrained build operations" [_thread_blocked, id=34520, stack(0x000000eb14200000,0x000000eb14300000)]
  0x0000020b79a5f720 JavaThread "Unconstrained build operations Thread 2" [_thread_blocked, id=24876, stack(0x000000eb14300000,0x000000eb14400000)]
  0x0000020b79a5fbf0 JavaThread "Unconstrained build operations Thread 3" [_thread_blocked, id=34972, stack(0x000000eb14400000,0x000000eb14500000)]
  0x0000020b79a60590 JavaThread "Unconstrained build operations Thread 4" [_thread_blocked, id=30488, stack(0x000000eb14500000,0x000000eb14600000)]
  0x0000020b77f3d4c0 JavaThread "Unconstrained build operations Thread 5" [_thread_blocked, id=33492, stack(0x000000eb14600000,0x000000eb14700000)]
  0x0000020b77f3a970 JavaThread "Unconstrained build operations Thread 6" [_thread_blocked, id=24604, stack(0x000000eb14700000,0x000000eb14800000)]
  0x0000020b77f36fb0 JavaThread "Unconstrained build operations Thread 7" [_thread_blocked, id=18288, stack(0x000000eb14800000,0x000000eb14900000)]
  0x0000020b77f35c70 JavaThread "Unconstrained build operations Thread 8" [_thread_blocked, id=12400, stack(0x000000eb14900000,0x000000eb14a00000)]
  0x0000020b77f39630 JavaThread "Unconstrained build operations Thread 9" [_thread_blocked, id=25684, stack(0x000000eb14a00000,0x000000eb14b00000)]
  0x0000020b77f387c0 JavaThread "Unconstrained build operations Thread 10" [_thread_blocked, id=22400, stack(0x000000eb14b00000,0x000000eb14c00000)]
  0x0000020b77f37480 JavaThread "Unconstrained build operations Thread 11" [_thread_blocked, id=21420, stack(0x000000eb14c00000,0x000000eb14d00000)]
  0x0000020b77f382f0 JavaThread "Unconstrained build operations Thread 12" [_thread_blocked, id=26288, stack(0x000000eb14d00000,0x000000eb14e00000)]
  0x0000020b77f37950 JavaThread "Unconstrained build operations Thread 13" [_thread_blocked, id=13408, stack(0x000000eb14e00000,0x000000eb14f00000)]
  0x0000020b77f38c90 JavaThread "Unconstrained build operations Thread 14" [_thread_blocked, id=3644, stack(0x000000eb14f00000,0x000000eb15000000)]
  0x0000020b77f39fd0 JavaThread "Unconstrained build operations Thread 15" [_thread_blocked, id=7084, stack(0x000000eb15000000,0x000000eb15100000)]
  0x0000020b77f3ae40 JavaThread "Unconstrained build operations Thread 16" [_thread_blocked, id=9560, stack(0x000000eb15100000,0x000000eb15200000)]
  0x0000020b77f3c180 JavaThread "Unconstrained build operations Thread 17" [_thread_blocked, id=22720, stack(0x000000eb15200000,0x000000eb15300000)]
  0x0000020b77f39160 JavaThread "Unconstrained build operations Thread 18" [_thread_blocked, id=7180, stack(0x000000eb15300000,0x000000eb15400000)]
  0x0000020b77f3b7e0 JavaThread "Unconstrained build operations Thread 19" [_thread_blocked, id=2884, stack(0x000000eb15400000,0x000000eb15500000)]
  0x0000020b77f36140 JavaThread "Unconstrained build operations Thread 20" [_thread_blocked, id=34516, stack(0x000000eb15500000,0x000000eb15600000)]
  0x0000020b77f3c650 JavaThread "Unconstrained build operations Thread 21" [_thread_blocked, id=20688, stack(0x000000eb15600000,0x000000eb15700000)]
  0x0000020b77f37e20 JavaThread "Unconstrained build operations Thread 22" [_thread_blocked, id=14012, stack(0x000000eb15700000,0x000000eb15800000)]
  0x0000020b77f39b00 JavaThread "Unconstrained build operations Thread 23" [_thread_blocked, id=13612, stack(0x000000eb15800000,0x000000eb15900000)]
  0x0000020b77f3b310 JavaThread "Unconstrained build operations Thread 24" [_thread_blocked, id=22332, stack(0x000000eb15900000,0x000000eb15a00000)]
  0x0000020b77f3a4a0 JavaThread "Unconstrained build operations Thread 25" [_thread_blocked, id=18896, stack(0x000000eb15a00000,0x000000eb15b00000)]
  0x0000020b77f3bcb0 JavaThread "Unconstrained build operations Thread 26" [_thread_blocked, id=31528, stack(0x000000eb15b00000,0x000000eb15c00000)]
  0x0000020b77f3cb20 JavaThread "Unconstrained build operations Thread 27" [_thread_blocked, id=31012, stack(0x000000eb15c00000,0x000000eb15d00000)]
  0x0000020b77f3cff0 JavaThread "Unconstrained build operations Thread 28" [_thread_blocked, id=24288, stack(0x000000eb15d00000,0x000000eb15e00000)]
  0x0000020b77f36610 JavaThread "Unconstrained build operations Thread 29" [_thread_blocked, id=1328, stack(0x000000eb15e00000,0x000000eb15f00000)]
  0x0000020b77f36ae0 JavaThread "Unconstrained build operations Thread 30" [_thread_blocked, id=32448, stack(0x000000eb15f00000,0x000000eb16000000)]
  0x0000020b7a31acd0 JavaThread "Unconstrained build operations Thread 31" [_thread_blocked, id=23164, stack(0x000000eb16000000,0x000000eb16100000)]
  0x0000020b7a31d350 JavaThread "Unconstrained build operations Thread 32" [_thread_blocked, id=22004, stack(0x000000eb16100000,0x000000eb16200000)]
  0x0000020b7a31c9b0 JavaThread "Unconstrained build operations Thread 33" [_thread_blocked, id=2608, stack(0x000000eb16200000,0x000000eb16300000)]
  0x0000020b7a31dcf0 JavaThread "Unconstrained build operations Thread 34" [_thread_blocked, id=12744, stack(0x000000eb16300000,0x000000eb16400000)]
  0x0000020b7a319990 JavaThread "Unconstrained build operations Thread 35" [_thread_blocked, id=14324, stack(0x000000eb16400000,0x000000eb16500000)]
  0x0000020b7a318b20 JavaThread "Unconstrained build operations Thread 36" [_thread_blocked, id=10048, stack(0x000000eb16500000,0x000000eb16600000)]
  0x0000020b7a31e1c0 JavaThread "Unconstrained build operations Thread 37" [_thread_blocked, id=29684, stack(0x000000eb16600000,0x000000eb16700000)]
  0x0000020b7a31c010 JavaThread "Unconstrained build operations Thread 38" [_thread_blocked, id=31420, stack(0x000000eb16700000,0x000000eb16800000)]
  0x0000020b7a319e60 JavaThread "Unconstrained build operations Thread 39" [_thread_blocked, id=16852, stack(0x000000eb16800000,0x000000eb16900000)]
  0x0000020b7a31c4e0 JavaThread "Unconstrained build operations Thread 40" [_thread_blocked, id=26928, stack(0x000000eb16900000,0x000000eb16a00000)]
  0x0000020b7a31ce80 JavaThread "Unconstrained build operations Thread 41" [_thread_blocked, id=27176, stack(0x000000eb16a00000,0x000000eb16b00000)]
  0x0000020b7a31a800 JavaThread "Unconstrained build operations Thread 42" [_thread_blocked, id=16860, stack(0x000000eb16b00000,0x000000eb16c00000)]
  0x0000020b7a31d820 JavaThread "Unconstrained build operations Thread 43" [_thread_blocked, id=12608, stack(0x000000eb16c00000,0x000000eb16d00000)]
  0x0000020b7a31e690 JavaThread "Unconstrained build operations Thread 44" [_thread_blocked, id=22060, stack(0x000000eb16d00000,0x000000eb16e00000)]
  0x0000020b7a31eb60 JavaThread "Unconstrained build operations Thread 45" [_thread_blocked, id=12788, stack(0x000000eb16e00000,0x000000eb16f00000)]
  0x0000020b7a31f030 JavaThread "Unconstrained build operations Thread 46" [_thread_blocked, id=31704, stack(0x000000eb16f00000,0x000000eb17000000)]
  0x0000020b7a31b1a0 JavaThread "Unconstrained build operations Thread 47" [_thread_blocked, id=28628, stack(0x000000eb17000000,0x000000eb17100000)]
  0x0000020b7a31f500 JavaThread "Unconstrained build operations Thread 48" [_thread_blocked, id=18468, stack(0x000000eb17100000,0x000000eb17200000)]
  0x0000020b7a31f9d0 JavaThread "Unconstrained build operations Thread 49" [_thread_blocked, id=18208, stack(0x000000eb17200000,0x000000eb17300000)]
  0x0000020b7a31b670 JavaThread "Unconstrained build operations Thread 50" [_thread_blocked, id=7508, stack(0x000000eb17300000,0x000000eb17400000)]
  0x0000020b7a31fea0 JavaThread "Unconstrained build operations Thread 51" [_thread_blocked, id=15772, stack(0x000000eb17400000,0x000000eb17500000)]
  0x0000020b7a3194c0 JavaThread "Unconstrained build operations Thread 52" [_thread_blocked, id=6028, stack(0x000000eb17500000,0x000000eb17600000)]
  0x0000020b7a320370 JavaThread "Unconstrained build operations Thread 53" [_thread_blocked, id=29940, stack(0x000000eb17600000,0x000000eb17700000)]
  0x0000020b7a318ff0 JavaThread "Unconstrained build operations Thread 54" [_thread_blocked, id=34448, stack(0x000000eb17700000,0x000000eb17800000)]
  0x0000020b7a31a330 JavaThread "Unconstrained build operations Thread 55" [_thread_blocked, id=23668, stack(0x000000eb17800000,0x000000eb17900000)]
  0x0000020b7a31bb40 JavaThread "Unconstrained build operations Thread 56" [_thread_blocked, id=28408, stack(0x000000eb17900000,0x000000eb17a00000)]
  0x0000020b7b2fb7e0 JavaThread "Unconstrained build operations Thread 57" [_thread_blocked, id=5076, stack(0x000000eb17a00000,0x000000eb17b00000)]
  0x0000020b7b2fe330 JavaThread "Unconstrained build operations Thread 58" [_thread_blocked, id=19688, stack(0x000000eb17b00000,0x000000eb17c00000)]
  0x0000020b7b2fb310 JavaThread "Unconstrained build operations Thread 59" [_thread_blocked, id=30996, stack(0x000000eb17c00000,0x000000eb17d00000)]
  0x0000020b7b2fe800 JavaThread "Unconstrained build operations Thread 60" [_thread_blocked, id=18420, stack(0x000000eb17d00000,0x000000eb17e00000)]
  0x0000020b7b2fbcb0 JavaThread "Unconstrained build operations Thread 61" [_thread_blocked, id=23372, stack(0x000000eb17e00000,0x000000eb17f00000)]
  0x0000020b7b2fcb20 JavaThread "Unconstrained build operations Thread 62" [_thread_blocked, id=34088, stack(0x000000eb17f00000,0x000000eb18000000)]
  0x0000020b7b2fde60 JavaThread "Unconstrained build operations Thread 63" [_thread_blocked, id=34260, stack(0x000000eb18000000,0x000000eb18100000)]
  0x0000020b7b2fd990 JavaThread "Unconstrained build operations Thread 64" [_thread_blocked, id=34056, stack(0x000000eb18100000,0x000000eb18200000)]
  0x0000020b7b2fecd0 JavaThread "Unconstrained build operations Thread 65" [_thread_blocked, id=21416, stack(0x000000eb18200000,0x000000eb18300000)]
  0x0000020b7b2ff1a0 JavaThread "Unconstrained build operations Thread 66" [_thread_blocked, id=27336, stack(0x000000eb18300000,0x000000eb18400000)]
  0x0000020b7b2fc180 JavaThread "Unconstrained build operations Thread 67" [_thread_blocked, id=28928, stack(0x000000eb18400000,0x000000eb18500000)]
  0x0000020b7b2ff670 JavaThread "Unconstrained build operations Thread 68" [_thread_blocked, id=35756, stack(0x000000eb18500000,0x000000eb18600000)]
  0x0000020b7b2fc650 JavaThread "Unconstrained build operations Thread 69" [_thread_blocked, id=31308, stack(0x000000eb18600000,0x000000eb18700000)]
  0x0000020b7b2f9fd0 JavaThread "Unconstrained build operations Thread 70" [_thread_blocked, id=392, stack(0x000000eb18700000,0x000000eb18800000)]
  0x0000020b7b2fcff0 JavaThread "Unconstrained build operations Thread 71" [_thread_blocked, id=10648, stack(0x000000eb18800000,0x000000eb18900000)]
  0x0000020b7b2fd4c0 JavaThread "Unconstrained build operations Thread 72" [_thread_blocked, id=12332, stack(0x000000eb18900000,0x000000eb18a00000)]
  0x0000020b7b2fa4a0 JavaThread "Unconstrained build operations Thread 73" [_thread_blocked, id=11756, stack(0x000000eb18a00000,0x000000eb18b00000)]
  0x0000020b7b2ffb40 JavaThread "Unconstrained build operations Thread 74" [_thread_blocked, id=30304, stack(0x000000eb18b00000,0x000000eb18c00000)]
  0x0000020b7b300010 JavaThread "Unconstrained build operations Thread 75" [_thread_blocked, id=30324, stack(0x000000eb18c00000,0x000000eb18d00000)]
  0x0000020b7b3004e0 JavaThread "Unconstrained build operations Thread 76" [_thread_blocked, id=18624, stack(0x000000eb18d00000,0x000000eb18e00000)]
  0x0000020b7b2f8c90 JavaThread "Unconstrained build operations Thread 77" [_thread_blocked, id=4736, stack(0x000000eb18e00000,0x000000eb18f00000)]
  0x0000020b7b2f9160 JavaThread "Unconstrained build operations Thread 78" [_thread_blocked, id=10596, stack(0x000000eb18f00000,0x000000eb19000000)]
  0x0000020b7b2fa970 JavaThread "Unconstrained build operations Thread 79" [_thread_blocked, id=7516, stack(0x000000eb19000000,0x000000eb19100000)]
  0x0000020b7b2f9630 JavaThread "Unconstrained build operations Thread 80" [_thread_blocked, id=17368, stack(0x000000eb19100000,0x000000eb19200000)]
  0x0000020b7b2f9b00 JavaThread "Unconstrained build operations Thread 81" [_thread_blocked, id=6928, stack(0x000000eb19200000,0x000000eb19300000)]
  0x0000020b7b2fae40 JavaThread "Unconstrained build operations Thread 82" [_thread_blocked, id=25928, stack(0x000000eb19300000,0x000000eb19400000)]
  0x0000020b7aa6c120 JavaThread "Unconstrained build operations Thread 83" [_thread_blocked, id=19588, stack(0x000000eb19400000,0x000000eb19500000)]
  0x0000020b7aa6bc50 JavaThread "Unconstrained build operations Thread 84" [_thread_blocked, id=6732, stack(0x000000eb19500000,0x000000eb19600000)]
  0x0000020b7aa69100 JavaThread "Unconstrained build operations Thread 85" [_thread_blocked, id=33264, stack(0x000000eb19600000,0x000000eb19700000)]
  0x0000020b7aa695d0 JavaThread "Unconstrained build operations Thread 86" [_thread_blocked, id=18368, stack(0x000000eb19700000,0x000000eb19800000)]
  0x0000020b7aa6f140 JavaThread "Unconstrained build operations Thread 87" [_thread_blocked, id=35896, stack(0x000000eb19800000,0x000000eb19900000)]
  0x0000020b7aa6b2b0 JavaThread "Unconstrained build operations Thread 88" [_thread_blocked, id=29240, stack(0x000000eb19900000,0x000000eb19a00000)]
  0x0000020b7aa6fae0 JavaThread "Unconstrained build operations Thread 89" [_thread_blocked, id=18292, stack(0x000000eb19a00000,0x000000eb19b00000)]
  0x0000020b7aa6b780 JavaThread "Unconstrained build operations Thread 90" [_thread_blocked, id=24264, stack(0x000000eb19b00000,0x000000eb19c00000)]
  0x0000020b7aa68290 JavaThread "Unconstrained build operations Thread 91" [_thread_blocked, id=36708, stack(0x000000eb19c00000,0x000000eb19d00000)]
  0x0000020b7aa6ade0 JavaThread "Unconstrained build operations Thread 92" [_thread_blocked, id=17312, stack(0x000000eb19d00000,0x000000eb19e00000)]
  0x0000020b7aa68c30 JavaThread "Unconstrained build operations Thread 93" [_thread_blocked, id=36648, stack(0x000000eb19e00000,0x000000eb19f00000)]
  0x0000020b7aa69aa0 JavaThread "Unconstrained build operations Thread 94" [_thread_blocked, id=34536, stack(0x000000eb19f00000,0x000000eb1a000000)]
  0x0000020b7aa6c5f0 JavaThread "Unconstrained build operations Thread 95" [_thread_blocked, id=5020, stack(0x000000eb1a000000,0x000000eb1a100000)]
  0x0000020b7aa6cac0 JavaThread "Unconstrained build operations Thread 96" [_thread_blocked, id=22684, stack(0x000000eb1a100000,0x000000eb1a200000)]
  0x0000020b7aa6cf90 JavaThread "Unconstrained build operations Thread 97" [_thread_blocked, id=19948, stack(0x000000eb1a200000,0x000000eb1a300000)]
  0x0000020b7aa6e7a0 JavaThread "Unconstrained build operations Thread 98" [_thread_blocked, id=14112, stack(0x000000eb1a300000,0x000000eb1a400000)]
  0x0000020b7aa6a440 JavaThread "Unconstrained build operations Thread 99" [_thread_blocked, id=20080, stack(0x000000eb1a400000,0x000000eb1a500000)]
  0x0000020b7aa69f70 JavaThread "Unconstrained build operations Thread 100" [_thread_blocked, id=29408, stack(0x000000eb1a500000,0x000000eb1a600000)]
  0x0000020b7aa6d460 JavaThread "Unconstrained build operations Thread 101" [_thread_blocked, id=1848, stack(0x000000eb1a600000,0x000000eb1a700000)]
  0x0000020b7aa6f610 JavaThread "Unconstrained build operations Thread 102" [_thread_blocked, id=28460, stack(0x000000eb1a700000,0x000000eb1a800000)]
  0x0000020b7aa6a910 JavaThread "Unconstrained build operations Thread 103" [_thread_blocked, id=23068, stack(0x000000eb1a800000,0x000000eb1a900000)]
  0x0000020b7aa6ec70 JavaThread "Unconstrained build operations Thread 104" [_thread_blocked, id=7872, stack(0x000000eb1a900000,0x000000eb1aa00000)]
  0x0000020b7aa68760 JavaThread "Unconstrained build operations Thread 105" [_thread_blocked, id=35972, stack(0x000000eb1aa00000,0x000000eb1ab00000)]
  0x0000020b7aa6d930 JavaThread "Unconstrained build operations Thread 106" [_thread_blocked, id=6080, stack(0x000000eb1ab00000,0x000000eb1ac00000)]
  0x0000020b7aa6de00 JavaThread "Unconstrained build operations Thread 107" [_thread_blocked, id=34644, stack(0x000000eb1ac00000,0x000000eb1ad00000)]
  0x0000020b7aa6e2d0 JavaThread "Unconstrained build operations Thread 108" [_thread_blocked, id=27300, stack(0x000000eb1ad00000,0x000000eb1ae00000)]
  0x0000020b7a29fcf0 JavaThread "Unconstrained build operations Thread 109" [_thread_blocked, id=34008, stack(0x000000eb1ae00000,0x000000eb1af00000)]
  0x0000020b7a29b990 JavaThread "Unconstrained build operations Thread 110" [_thread_blocked, id=36060, stack(0x000000eb1af00000,0x000000eb1b000000)]
  0x0000020b7a29c800 JavaThread "Unconstrained build operations Thread 111" [_thread_blocked, id=28880, stack(0x000000eb1b000000,0x000000eb1b100000)]
  0x0000020b7a2a1030 JavaThread "Unconstrained build operations Thread 112" [_thread_blocked, id=18640, stack(0x000000eb1b100000,0x000000eb1b200000)]
  0x0000020b7a29d670 JavaThread "Unconstrained build operations Thread 113" [_thread_blocked, id=25900, stack(0x000000eb1b200000,0x000000eb1b300000)]
  0x0000020b7a29ccd0 JavaThread "Unconstrained build operations Thread 114" [_thread_blocked, id=9304, stack(0x000000eb1b300000,0x000000eb1b400000)]
  0x0000020b7a29e010 JavaThread "Unconstrained build operations Thread 115" [_thread_blocked, id=12736, stack(0x000000eb1b400000,0x000000eb1b500000)]
  0x0000020b7a29c330 JavaThread "Unconstrained build operations Thread 116" [_thread_blocked, id=25224, stack(0x000000eb1b500000,0x000000eb1b600000)]
  0x0000020b7a29ee80 JavaThread "Unconstrained build operations Thread 117" [_thread_blocked, id=34140, stack(0x000000eb1b600000,0x000000eb1b700000)]
  0x0000020b7a29b4c0 JavaThread "Unconstrained build operations Thread 118" [_thread_blocked, id=31712, stack(0x000000eb1b700000,0x000000eb1b800000)]
  0x0000020b7a2a0b60 JavaThread "Unconstrained build operations Thread 119" [_thread_blocked, id=35472, stack(0x000000eb1b800000,0x000000eb1b900000)]
  0x0000020b7a2a1500 JavaThread "Unconstrained build operations Thread 120" [_thread_blocked, id=33660, stack(0x000000eb1b900000,0x000000eb1ba00000)]
  0x0000020b7a29db40 JavaThread "Unconstrained build operations Thread 121" [_thread_blocked, id=19400, stack(0x000000eb1ba00000,0x000000eb1bb00000)]
  0x0000020b7a29e4e0 JavaThread "Unconstrained build operations Thread 122" [_thread_blocked, id=11020, stack(0x000000eb1bb00000,0x000000eb1bc00000)]
  0x0000020b7a29be60 JavaThread "Unconstrained build operations Thread 123" [_thread_blocked, id=33204, stack(0x000000eb1bc00000,0x000000eb1bd00000)]
  0x0000020b7a2a01c0 JavaThread "Unconstrained build operations Thread 124" [_thread_blocked, id=7608, stack(0x000000eb1bd00000,0x000000eb1be00000)]
  0x0000020b7a29e9b0 JavaThread "Unconstrained build operations Thread 125" [_thread_blocked, id=20432, stack(0x000000eb1be00000,0x000000eb1bf00000)]
  0x0000020b7a29f350 JavaThread "Unconstrained build operations Thread 126" [_thread_blocked, id=17480, stack(0x000000eb1bf00000,0x000000eb1c000000)]
  0x0000020b7a29d1a0 JavaThread "Unconstrained build operations Thread 127" [_thread_blocked, id=15752, stack(0x000000eb1c000000,0x000000eb1c100000)]
  0x0000020b7a2a19d0 JavaThread "Unconstrained build operations Thread 128" [_thread_blocked, id=25168, stack(0x000000eb1c100000,0x000000eb1c200000)]
  0x0000020b7a29f820 JavaThread "Unconstrained build operations Thread 129" [_thread_blocked, id=35048, stack(0x000000eb1c200000,0x000000eb1c300000)]
  0x0000020b7a2a0690 JavaThread "Unconstrained build operations Thread 130" [_thread_blocked, id=26436, stack(0x000000eb1c300000,0x000000eb1c400000)]
  0x0000020b7a2a1ea0 JavaThread "Unconstrained build operations Thread 131" [_thread_blocked, id=17440, stack(0x000000eb1c400000,0x000000eb1c500000)]
  0x0000020b7a2a2840 JavaThread "Unconstrained build operations Thread 132" [_thread_blocked, id=8580, stack(0x000000eb1c500000,0x000000eb1c600000)]
  0x0000020b7a2a2370 JavaThread "Unconstrained build operations Thread 133" [_thread_blocked, id=928, stack(0x000000eb1c600000,0x000000eb1c700000)]
  0x0000020b7a29aff0 JavaThread "Unconstrained build operations Thread 134" [_thread_blocked, id=30320, stack(0x000000eb1c700000,0x000000eb1c800000)]
  0x0000020b7a2fcde0 JavaThread "Unconstrained build operations Thread 135" [_thread_blocked, id=12664, stack(0x000000eb1c800000,0x000000eb1c900000)]
  0x0000020b7a2fef90 JavaThread "Unconstrained build operations Thread 136" [_thread_blocked, id=22116, stack(0x000000eb1c900000,0x000000eb1ca00000)]
  0x0000020b7a2fac30 JavaThread "Unconstrained build operations Thread 137" [_thread_blocked, id=4104, stack(0x000000eb1ca00000,0x000000eb1cb00000)]
  0x0000020b7a2fc910 JavaThread "Unconstrained build operations Thread 138" [_thread_blocked, id=11876, stack(0x000000eb1cb00000,0x000000eb1cc00000)]
  0x0000020b7a2fa760 JavaThread "Unconstrained build operations Thread 139" [_thread_blocked, id=29724, stack(0x000000eb1cc00000,0x000000eb1cd00000)]
  0x0000020b7a2fbf70 JavaThread "Unconstrained build operations Thread 140" [_thread_blocked, id=2636, stack(0x000000eb1cd00000,0x000000eb1ce00000)]
  0x0000020b7a2ffe00 JavaThread "Unconstrained build operations Thread 141" [_thread_blocked, id=28312, stack(0x000000eb1ce00000,0x000000eb1cf00000)]
  0x0000020b7a2fbaa0 JavaThread "Unconstrained build operations Thread 142" [_thread_blocked, id=19000, stack(0x000000eb1cf00000,0x000000eb1d000000)]
  0x0000020b7a2f98f0 JavaThread "Unconstrained build operations Thread 143" [_thread_blocked, id=22088, stack(0x000000eb1d000000,0x000000eb1d100000)]
  0x0000020b7a2fd2b0 JavaThread "Unconstrained build operations Thread 144" [_thread_blocked, id=9512, stack(0x000000eb1d100000,0x000000eb1d200000)]
  0x0000020b7a3002d0 JavaThread "Unconstrained build operations Thread 145" [_thread_blocked, id=5856, stack(0x000000eb1d200000,0x000000eb1d300000)]
  0x0000020b7a2ff460 JavaThread "Unconstrained build operations Thread 146" [_thread_blocked, id=984, stack(0x000000eb1d300000,0x000000eb1d400000)]
  0x0000020b7a2fd780 JavaThread "Unconstrained build operations Thread 147" [_thread_blocked, id=15036, stack(0x000000eb1d400000,0x000000eb1d500000)]
  0x0000020b7a2fdc50 JavaThread "Unconstrained build operations Thread 148" [_thread_blocked, id=10460, stack(0x000000eb1d500000,0x000000eb1d600000)]
  0x0000020b7a2f9420 JavaThread "Unconstrained build operations Thread 149" [_thread_blocked, id=4184, stack(0x000000eb1d600000,0x000000eb1d700000)]
  0x0000020b7a2f8f50 JavaThread "jar transforms Thread 6" [_thread_blocked, id=12312, stack(0x000000eb1d700000,0x000000eb1d800000)]
  0x0000020b7a2fa290 JavaThread "jar transforms Thread 7" [_thread_blocked, id=35648, stack(0x000000eb1d800000,0x000000eb1d900000)]
  0x0000020b7a2fe120 JavaThread "jar transforms Thread 8" [_thread_blocked, id=11840, stack(0x000000eb1d900000,0x000000eb1da00000)]
  0x0000020b7a2fe5f0 JavaThread "jar transforms Thread 9" [_thread_blocked, id=6900, stack(0x000000eb1da00000,0x000000eb1db00000)]
  0x0000020b7a2ff930 JavaThread "jar transforms Thread 10" [_thread_blocked, id=26524, stack(0x000000eb1db00000,0x000000eb1dc00000)]
  0x0000020b7a2f8a80 JavaThread "jar transforms Thread 11" [_thread_blocked, id=32740, stack(0x000000eb1dc00000,0x000000eb1dd00000)]
  0x0000020b7a2f9dc0 JavaThread "jar transforms Thread 12" [_thread_blocked, id=27700, stack(0x000000eb1dd00000,0x000000eb1de00000)]
  0x0000020b7a2fb100 JavaThread "jar transforms Thread 13" [_thread_blocked, id=21592, stack(0x000000eb1de00000,0x000000eb1df00000)]
  0x0000020b7a2feac0 JavaThread "jar transforms Thread 14" [_thread_blocked, id=33288, stack(0x000000eb1df00000,0x000000eb1e000000)]
  0x0000020b7a2fc440 JavaThread "jar transforms Thread 15" [_thread_blocked, id=4004, stack(0x000000eb1e000000,0x000000eb1e100000)]
  0x0000020b7a2fb5d0 JavaThread "jar transforms Thread 16" [_thread_blocked, id=31924, stack(0x000000eb1e100000,0x000000eb1e200000)]
  0x0000020b79877e00 JavaThread "build event listener" [_thread_blocked, id=3296, stack(0x000000eb11400000,0x000000eb11500000)]
  0x0000020b778ba090 JavaThread "C2 CompilerThread3" daemon [_thread_blocked, id=26656, stack(0x000000eb1e200000,0x000000eb1e300000)]
  0x0000020b79876f90 JavaThread "Memory manager" [_thread_blocked, id=36596, stack(0x000000eb1e300000,0x000000eb1e400000)]

Other Threads:
=>0x0000020b738e9d20 VMThread "VM Thread" [stack: 0x000000eb10400000,0x000000eb10500000] [id=17196]
  0x0000020b74624a50 WatcherThread [stack: 0x000000eb11100000,0x000000eb11200000] [id=22788]
  0x0000020b59013140 GCTaskThread "GC Thread#0" [stack: 0x000000eb0ff00000,0x000000eb10000000] [id=4660]
  0x0000020b755c1340 GCTaskThread "GC Thread#1" [stack: 0x000000eb11800000,0x000000eb11900000] [id=22608]
  0x0000020b75e3b680 GCTaskThread "GC Thread#2" [stack: 0x000000eb11900000,0x000000eb11a00000] [id=27104]
  0x0000020b75e3b930 GCTaskThread "GC Thread#3" [stack: 0x000000eb11a00000,0x000000eb11b00000] [id=14160]
  0x0000020b75611b80 GCTaskThread "GC Thread#4" [stack: 0x000000eb11b00000,0x000000eb11c00000] [id=22896]
  0x0000020b77a8d790 GCTaskThread "GC Thread#5" [stack: 0x000000eb12600000,0x000000eb12700000] [id=17068]
  0x0000020b781033f0 GCTaskThread "GC Thread#6" [stack: 0x000000eb12700000,0x000000eb12800000] [id=10788]
  0x0000020b75910f30 GCTaskThread "GC Thread#7" [stack: 0x000000eb12800000,0x000000eb12900000] [id=29644]
  0x0000020b77019090 GCTaskThread "GC Thread#8" [stack: 0x000000eb12900000,0x000000eb12a00000] [id=32212]
  0x0000020b76f4db10 GCTaskThread "GC Thread#9" [stack: 0x000000eb12a00000,0x000000eb12b00000] [id=6956]
  0x0000020b76c2ad00 GCTaskThread "GC Thread#10" [stack: 0x000000eb12b00000,0x000000eb12c00000] [id=9148]
  0x0000020b76c2afb0 GCTaskThread "GC Thread#11" [stack: 0x000000eb12c00000,0x000000eb12d00000] [id=20824]
  0x0000020b76c2c280 GCTaskThread "GC Thread#12" [stack: 0x000000eb12d00000,0x000000eb12e00000] [id=6340]
  0x0000020b59024080 ConcurrentGCThread "G1 Main Marker" [stack: 0x000000eb10000000,0x000000eb10100000] [id=31176]
  0x0000020b59026240 ConcurrentGCThread "G1 Conc#0" [stack: 0x000000eb10100000,0x000000eb10200000] [id=10428]
  0x0000020b76c2bd20 ConcurrentGCThread "G1 Conc#1" [stack: 0x000000eb12e00000,0x000000eb12f00000] [id=30236]
  0x0000020b76c2b7c0 ConcurrentGCThread "G1 Conc#2" [stack: 0x000000eb12f00000,0x000000eb13000000] [id=18240]
  0x0000020b5907e390 ConcurrentGCThread "G1 Refine#0" [stack: 0x000000eb10200000,0x000000eb10300000] [id=1944]
  0x0000020b7377a1b0 ConcurrentGCThread "G1 Service" [stack: 0x000000eb10300000,0x000000eb10400000] [id=22348]

Threads with active compile tasks:

VM state: at safepoint (normal execution)

VM Mutex/Monitor currently owned by a thread:  ([mutex/lock_event])
[0x0000020b58fb2960] Threads_lock - owner thread: 0x0000020b738e9d20
[0x0000020b58fb2cc0] Heap_lock - owner thread: 0x0000020b769fce00

Heap address: 0x0000000080000000, size: 2048 MB, Compressed Oops mode: 32-bit

CDS archive(s) not mapped
Compressed class space mapped at: 0x0000000100000000-0x0000000140000000, reserved size: 1073741824
Narrow klass base: 0x0000000000000000, Narrow klass shift: 3, Narrow klass range: 0x140000000

GC Precious Log:
 CPUs: 16 total, 16 available
 Memory: 14020M
 Large Page Support: Disabled
 NUMA Support: Disabled
 Compressed Oops: Enabled (32-bit)
 Heap Region Size: 1M
 Heap Min Capacity: 8M
 Heap Initial Capacity: 220M
 Heap Max Capacity: 2G
 Pre-touch: Disabled
 Parallel Workers: 13
 Concurrent Workers: 3
 Concurrent Refinement Workers: 13
 Periodic GC: Disabled

Heap:
 garbage-first heap   total 183296K, used 58701K [0x0000000080000000, 0x0000000100000000)
  region size 1024K, 3 young (3072K), 3 survivors (3072K)
 Metaspace       used 66534K, committed 67136K, reserved 1114112K
  class space    used 8772K, committed 9088K, reserved 1048576K

Heap Regions: E=young(eden), S=young(survivor), O=old, HS=humongous(starts), HC=humongous(continues), CS=collection set, F=free, OA=open archive, CA=closed archive, TAMS=top-at-mark-start (previous, next)
|   0|0x0000000080000000, 0x0000000080100000, 0x0000000080100000|100%|HS|  |TAMS 0x0000000080100000, 0x0000000080000000| Complete 
|   1|0x0000000080100000, 0x0000000080200000, 0x0000000080200000|100%|HC|  |TAMS 0x0000000080200000, 0x0000000080100000| Complete 
|   2|0x0000000080200000, 0x0000000080300000, 0x0000000080300000|100%|HC|  |TAMS 0x0000000080300000, 0x0000000080200000| Complete 
|   3|0x0000000080300000, 0x0000000080400000, 0x0000000080400000|100%|HC|  |TAMS 0x0000000080400000, 0x0000000080300000| Complete 
|   4|0x0000000080400000, 0x0000000080500000, 0x0000000080500000|100%| O|  |TAMS 0x0000000080500000, 0x0000000080400000| Untracked 
|   5|0x0000000080500000, 0x0000000080600000, 0x0000000080600000|100%| O|  |TAMS 0x0000000080600000, 0x0000000080500000| Untracked 
|   6|0x0000000080600000, 0x0000000080700000, 0x0000000080700000|100%| O|  |TAMS 0x0000000080700000, 0x0000000080600000| Untracked 
|   7|0x0000000080700000, 0x0000000080800000, 0x0000000080800000|100%| O|  |TAMS 0x0000000080800000, 0x0000000080700000| Untracked 
|   8|0x0000000080800000, 0x0000000080900000, 0x0000000080900000|100%| O|  |TAMS 0x0000000080900000, 0x0000000080800000| Untracked 
|   9|0x0000000080900000, 0x0000000080a00000, 0x0000000080a00000|100%| O|  |TAMS 0x0000000080a00000, 0x0000000080900000| Untracked 
|  10|0x0000000080a00000, 0x0000000080b00000, 0x0000000080b00000|100%| O|  |TAMS 0x0000000080b00000, 0x0000000080a00000| Untracked 
|  11|0x0000000080b00000, 0x0000000080c00000, 0x0000000080c00000|100%| O|  |TAMS 0x0000000080c00000, 0x0000000080b00000| Untracked 
|  12|0x0000000080c00000, 0x0000000080d00000, 0x0000000080d00000|100%| O|  |TAMS 0x0000000080d00000, 0x0000000080c00000| Untracked 
|  13|0x0000000080d00000, 0x0000000080e00000, 0x0000000080e00000|100%| O|  |TAMS 0x0000000080e00000, 0x0000000080d00000| Untracked 
|  14|0x0000000080e00000, 0x0000000080f00000, 0x0000000080f00000|100%| O|  |TAMS 0x0000000080f00000, 0x0000000080e00000| Untracked 
|  15|0x0000000080f00000, 0x0000000081000000, 0x0000000081000000|100%| O|  |TAMS 0x0000000081000000, 0x0000000080f00000| Untracked 
|  16|0x0000000081000000, 0x0000000081100000, 0x0000000081100000|100%| O|  |TAMS 0x0000000081100000, 0x0000000081000000| Untracked 
|  17|0x0000000081100000, 0x0000000081200000, 0x0000000081200000|100%| O|  |TAMS 0x0000000081200000, 0x0000000081100000| Untracked 
|  18|0x0000000081200000, 0x0000000081300000, 0x0000000081300000|100%| O|  |TAMS 0x0000000081300000, 0x0000000081200000| Untracked 
|  19|0x0000000081300000, 0x0000000081400000, 0x0000000081400000|100%| O|  |TAMS 0x0000000081400000, 0x0000000081300000| Untracked 
|  20|0x0000000081400000, 0x0000000081500000, 0x0000000081500000|100%| O|  |TAMS 0x0000000081500000, 0x0000000081400000| Untracked 
|  21|0x0000000081500000, 0x0000000081600000, 0x0000000081600000|100%| O|  |TAMS 0x0000000081600000, 0x0000000081500000| Untracked 
|  22|0x0000000081600000, 0x0000000081700000, 0x0000000081700000|100%| O|  |TAMS 0x0000000081700000, 0x0000000081600000| Untracked 
|  23|0x0000000081700000, 0x0000000081800000, 0x0000000081800000|100%| O|  |TAMS 0x0000000081800000, 0x0000000081700000| Untracked 
|  24|0x0000000081800000, 0x0000000081900000, 0x0000000081900000|100%| O|  |TAMS 0x0000000081900000, 0x0000000081800000| Untracked 
|  25|0x0000000081900000, 0x0000000081a00000, 0x0000000081a00000|100%| O|  |TAMS 0x0000000081a00000, 0x0000000081900000| Untracked 
|  26|0x0000000081a00000, 0x0000000081b00000, 0x0000000081b00000|100%| O|  |TAMS 0x0000000081b00000, 0x0000000081a00000| Untracked 
|  27|0x0000000081b00000, 0x0000000081c00000, 0x0000000081c00000|100%| O|  |TAMS 0x0000000081c00000, 0x0000000081b00000| Untracked 
|  28|0x0000000081c00000, 0x0000000081d00000, 0x0000000081d00000|100%| O|  |TAMS 0x0000000081d00000, 0x0000000081c00000| Untracked 
|  29|0x0000000081d00000, 0x0000000081e00000, 0x0000000081e00000|100%| O|  |TAMS 0x0000000081e00000, 0x0000000081d00000| Untracked 
|  30|0x0000000081e00000, 0x0000000081f00000, 0x0000000081f00000|100%|HS|  |TAMS 0x0000000081f00000, 0x0000000081e00000| Complete 
|  31|0x0000000081f00000, 0x0000000082000000, 0x0000000082000000|100%|HS|  |TAMS 0x0000000082000000, 0x0000000081f00000| Complete 
|  32|0x0000000082000000, 0x0000000082100000, 0x0000000082100000|100%|HS|  |TAMS 0x0000000082100000, 0x0000000082000000| Complete 
|  33|0x0000000082100000, 0x0000000082200000, 0x0000000082200000|100%|HC|  |TAMS 0x0000000082200000, 0x0000000082100000| Complete 
|  34|0x0000000082200000, 0x0000000082300000, 0x0000000082300000|100%|HS|  |TAMS 0x0000000082300000, 0x0000000082200000| Complete 
|  35|0x0000000082300000, 0x0000000082400000, 0x0000000082400000|100%|HS|  |TAMS 0x0000000082400000, 0x0000000082300000| Complete 
|  36|0x0000000082400000, 0x0000000082500000, 0x0000000082500000|100%|HC|  |TAMS 0x0000000082500000, 0x0000000082400000| Complete 
|  37|0x0000000082500000, 0x0000000082600000, 0x0000000082600000|100%|HC|  |TAMS 0x0000000082600000, 0x0000000082500000| Complete 
|  38|0x0000000082600000, 0x0000000082700000, 0x0000000082700000|100%|HC|  |TAMS 0x0000000082700000, 0x0000000082600000| Complete 
|  39|0x0000000082700000, 0x0000000082800000, 0x0000000082800000|100%| O|  |TAMS 0x0000000082800000, 0x0000000082700000| Untracked 
|  40|0x0000000082800000, 0x0000000082900000, 0x0000000082900000|100%| O|  |TAMS 0x0000000082900000, 0x0000000082800000| Untracked 
|  41|0x0000000082900000, 0x0000000082a00000, 0x0000000082a00000|100%| O|  |TAMS 0x0000000082a00000, 0x0000000082900000| Untracked 
|  42|0x0000000082a00000, 0x0000000082b00000, 0x0000000082b00000|100%| O|  |TAMS 0x0000000082b00000, 0x0000000082a00000| Untracked 
|  43|0x0000000082b00000, 0x0000000082c00000, 0x0000000082c00000|100%| O|  |TAMS 0x0000000082c00000, 0x0000000082b00000| Untracked 
|  44|0x0000000082c00000, 0x0000000082d00000, 0x0000000082d00000|100%| O|  |TAMS 0x0000000082c00000, 0x0000000082c00000| Untracked 
|  45|0x0000000082d00000, 0x0000000082d00000, 0x0000000082e00000|  0%| F|  |TAMS 0x0000000082d00000, 0x0000000082d00000| Untracked 
|  46|0x0000000082e00000, 0x0000000082f00000, 0x0000000082f00000|100%| O|  |TAMS 0x0000000082f00000, 0x0000000082e00000| Untracked 
|  47|0x0000000082f00000, 0x0000000083000000, 0x0000000083000000|100%| O|  |TAMS 0x0000000083000000, 0x0000000082f00000| Untracked 
|  48|0x0000000083000000, 0x0000000083100000, 0x0000000083100000|100%| O|  |TAMS 0x0000000083100000, 0x0000000083000000| Untracked 
|  49|0x0000000083100000, 0x0000000083200000, 0x0000000083200000|100%| O|  |TAMS 0x0000000083200000, 0x0000000083100000| Untracked 
|  50|0x0000000083200000, 0x0000000083200000, 0x0000000083300000|  0%| F|  |TAMS 0x0000000083200000, 0x0000000083200000| Untracked 
|  51|0x0000000083300000, 0x0000000083300000, 0x0000000083400000|  0%| F|  |TAMS 0x0000000083300000, 0x0000000083300000| Untracked 
|  52|0x0000000083400000, 0x0000000083400000, 0x0000000083500000|  0%| F|  |TAMS 0x0000000083400000, 0x0000000083400000| Untracked 
|  53|0x0000000083500000, 0x0000000083600000, 0x0000000083600000|100%| O|  |TAMS 0x0000000083539e00, 0x0000000083500000| Untracked 
|  54|0x0000000083600000, 0x0000000083600000, 0x0000000083700000|  0%| F|  |TAMS 0x0000000083600000, 0x0000000083600000| Untracked 
|  55|0x0000000083700000, 0x0000000083700000, 0x0000000083800000|  0%| F|  |TAMS 0x0000000083700000, 0x0000000083700000| Untracked 
|  56|0x0000000083800000, 0x0000000083900000, 0x0000000083900000|100%| O|  |TAMS 0x0000000083800000, 0x0000000083800000| Untracked 
|  57|0x0000000083900000, 0x0000000083976a00, 0x0000000083a00000| 46%| O|  |TAMS 0x0000000083900000, 0x0000000083900000| Untracked 
|  58|0x0000000083a00000, 0x0000000083a00000, 0x0000000083b00000|  0%| F|  |TAMS 0x0000000083a00000, 0x0000000083a00000| Untracked 
|  59|0x0000000083b00000, 0x0000000083b00000, 0x0000000083c00000|  0%| F|  |TAMS 0x0000000083b00000, 0x0000000083b00000| Untracked 
|  60|0x0000000083c00000, 0x0000000083c00000, 0x0000000083d00000|  0%| F|  |TAMS 0x0000000083c00000, 0x0000000083c00000| Untracked 
|  61|0x0000000083d00000, 0x0000000083d00000, 0x0000000083e00000|  0%| F|  |TAMS 0x0000000083d00000, 0x0000000083d00000| Untracked 
|  62|0x0000000083e00000, 0x0000000083e00000, 0x0000000083f00000|  0%| F|  |TAMS 0x0000000083e00000, 0x0000000083e00000| Untracked 
|  63|0x0000000083f00000, 0x0000000083f00000, 0x0000000084000000|  0%| F|  |TAMS 0x0000000083f00000, 0x0000000083f00000| Untracked 
|  64|0x0000000084000000, 0x0000000084000000, 0x0000000084100000|  0%| F|  |TAMS 0x0000000084000000, 0x0000000084000000| Untracked 
|  65|0x0000000084100000, 0x0000000084100000, 0x0000000084200000|  0%| F|  |TAMS 0x0000000084100000, 0x0000000084100000| Untracked 
|  66|0x0000000084200000, 0x0000000084200000, 0x0000000084300000|  0%| F|  |TAMS 0x0000000084200000, 0x0000000084200000| Untracked 
|  67|0x0000000084300000, 0x0000000084300000, 0x0000000084400000|  0%| F|  |TAMS 0x0000000084300000, 0x0000000084300000| Untracked 
|  68|0x0000000084400000, 0x0000000084400000, 0x0000000084500000|  0%| F|  |TAMS 0x0000000084400000, 0x0000000084400000| Untracked 
|  69|0x0000000084500000, 0x0000000084500000, 0x0000000084600000|  0%| F|  |TAMS 0x0000000084500000, 0x0000000084500000| Untracked 
|  70|0x0000000084600000, 0x0000000084600000, 0x0000000084700000|  0%| F|  |TAMS 0x0000000084600000, 0x0000000084600000| Untracked 
|  71|0x0000000084700000, 0x0000000084700000, 0x0000000084800000|  0%| F|  |TAMS 0x0000000084700000, 0x0000000084700000| Untracked 
|  72|0x0000000084800000, 0x0000000084800000, 0x0000000084900000|  0%| F|  |TAMS 0x0000000084800000, 0x0000000084800000| Untracked 
|  73|0x0000000084900000, 0x0000000084900000, 0x0000000084a00000|  0%| F|  |TAMS 0x0000000084900000, 0x0000000084900000| Untracked 
|  74|0x0000000084a00000, 0x0000000084a00000, 0x0000000084b00000|  0%| F|  |TAMS 0x0000000084a00000, 0x0000000084a00000| Untracked 
|  75|0x0000000084b00000, 0x0000000084b00000, 0x0000000084c00000|  0%| F|  |TAMS 0x0000000084b00000, 0x0000000084b00000| Untracked 
|  76|0x0000000084c00000, 0x0000000084c00000, 0x0000000084d00000|  0%| F|  |TAMS 0x0000000084c00000, 0x0000000084c00000| Untracked 
|  77|0x0000000084d00000, 0x0000000084d00000, 0x0000000084e00000|  0%| F|  |TAMS 0x0000000084d00000, 0x0000000084d00000| Untracked 
|  78|0x0000000084e00000, 0x0000000084e00000, 0x0000000084f00000|  0%| F|  |TAMS 0x0000000084e00000, 0x0000000084e00000| Untracked 
|  79|0x0000000084f00000, 0x0000000084f00000, 0x0000000085000000|  0%| F|  |TAMS 0x0000000084f00000, 0x0000000084f00000| Untracked 
|  80|0x0000000085000000, 0x0000000085000000, 0x0000000085100000|  0%| F|  |TAMS 0x0000000085000000, 0x0000000085000000| Untracked 
|  81|0x0000000085100000, 0x0000000085100000, 0x0000000085200000|  0%| F|  |TAMS 0x0000000085100000, 0x0000000085100000| Untracked 
|  82|0x0000000085200000, 0x0000000085200000, 0x0000000085300000|  0%| F|  |TAMS 0x0000000085200000, 0x0000000085200000| Untracked 
|  83|0x0000000085300000, 0x0000000085300000, 0x0000000085400000|  0%| F|  |TAMS 0x0000000085300000, 0x0000000085300000| Untracked 
|  84|0x0000000085400000, 0x0000000085400000, 0x0000000085500000|  0%| F|  |TAMS 0x0000000085400000, 0x0000000085400000| Untracked 
|  85|0x0000000085500000, 0x0000000085500000, 0x0000000085600000|  0%| F|  |TAMS 0x0000000085500000, 0x0000000085500000| Untracked 
|  86|0x0000000085600000, 0x0000000085600000, 0x0000000085700000|  0%| F|  |TAMS 0x0000000085600000, 0x0000000085600000| Untracked 
|  87|0x0000000085700000, 0x0000000085700000, 0x0000000085800000|  0%| F|  |TAMS 0x0000000085700000, 0x0000000085700000| Untracked 
|  88|0x0000000085800000, 0x0000000085800000, 0x0000000085900000|  0%| F|  |TAMS 0x0000000085800000, 0x0000000085800000| Untracked 
|  89|0x0000000085900000, 0x00000000859dcbf0, 0x0000000085a00000| 86%| S|CS|TAMS 0x0000000085900000, 0x0000000085900000| Complete 
|  90|0x0000000085a00000, 0x0000000085b00000, 0x0000000085b00000|100%| S|CS|TAMS 0x0000000085a00000, 0x0000000085a00000| Complete 
|  91|0x0000000085b00000, 0x0000000085c00000, 0x0000000085c00000|100%| S|CS|TAMS 0x0000000085b00000, 0x0000000085b00000| Complete 
|  92|0x0000000085c00000, 0x0000000085c00000, 0x0000000085d00000|  0%| F|  |TAMS 0x0000000085c00000, 0x0000000085c00000| Untracked 
|  93|0x0000000085d00000, 0x0000000085d00000, 0x0000000085e00000|  0%| F|  |TAMS 0x0000000085d00000, 0x0000000085d00000| Untracked 
|  94|0x0000000085e00000, 0x0000000085e00000, 0x0000000085f00000|  0%| F|  |TAMS 0x0000000085e00000, 0x0000000085e00000| Untracked 
|  95|0x0000000085f00000, 0x0000000085f00000, 0x0000000086000000|  0%| F|  |TAMS 0x0000000085f00000, 0x0000000085f00000| Untracked 
|  96|0x0000000086000000, 0x0000000086000000, 0x0000000086100000|  0%| F|  |TAMS 0x0000000086000000, 0x0000000086000000| Untracked 
|  97|0x0000000086100000, 0x0000000086100000, 0x0000000086200000|  0%| F|  |TAMS 0x0000000086100000, 0x0000000086100000| Untracked 
|  98|0x0000000086200000, 0x0000000086200000, 0x0000000086300000|  0%| F|  |TAMS 0x0000000086200000, 0x0000000086200000| Untracked 
|  99|0x0000000086300000, 0x0000000086300000, 0x0000000086400000|  0%| F|  |TAMS 0x0000000086300000, 0x0000000086300000| Untracked 
| 100|0x0000000086400000, 0x0000000086400000, 0x0000000086500000|  0%| F|  |TAMS 0x0000000086400000, 0x0000000086400000| Untracked 
| 101|0x0000000086500000, 0x0000000086500000, 0x0000000086600000|  0%| F|  |TAMS 0x0000000086500000, 0x0000000086500000| Untracked 
| 102|0x0000000086600000, 0x0000000086600000, 0x0000000086700000|  0%| F|  |TAMS 0x0000000086600000, 0x0000000086600000| Untracked 
| 103|0x0000000086700000, 0x0000000086700000, 0x0000000086800000|  0%| F|  |TAMS 0x0000000086700000, 0x0000000086700000| Untracked 
| 104|0x0000000086800000, 0x0000000086800000, 0x0000000086900000|  0%| F|  |TAMS 0x0000000086800000, 0x0000000086800000| Untracked 
| 105|0x0000000086900000, 0x0000000086900000, 0x0000000086a00000|  0%| F|  |TAMS 0x0000000086900000, 0x0000000086900000| Untracked 
| 106|0x0000000086a00000, 0x0000000086a00000, 0x0000000086b00000|  0%| F|  |TAMS 0x0000000086a00000, 0x0000000086a00000| Untracked 
| 107|0x0000000086b00000, 0x0000000086b00000, 0x0000000086c00000|  0%| F|  |TAMS 0x0000000086b00000, 0x0000000086b00000| Untracked 
| 108|0x0000000086c00000, 0x0000000086c00000, 0x0000000086d00000|  0%| F|  |TAMS 0x0000000086c00000, 0x0000000086c00000| Untracked 
| 109|0x0000000086d00000, 0x0000000086d00000, 0x0000000086e00000|  0%| F|  |TAMS 0x0000000086d00000, 0x0000000086d00000| Untracked 
| 110|0x0000000086e00000, 0x0000000086e00000, 0x0000000086f00000|  0%| F|  |TAMS 0x0000000086e00000, 0x0000000086e00000| Untracked 
| 111|0x0000000086f00000, 0x0000000086f00000, 0x0000000087000000|  0%| F|  |TAMS 0x0000000086f00000, 0x0000000086f00000| Untracked 
| 112|0x0000000087000000, 0x0000000087000000, 0x0000000087100000|  0%| F|  |TAMS 0x0000000087000000, 0x0000000087000000| Untracked 
| 113|0x0000000087100000, 0x0000000087100000, 0x0000000087200000|  0%| F|  |TAMS 0x0000000087100000, 0x0000000087100000| Untracked 
| 114|0x0000000087200000, 0x0000000087200000, 0x0000000087300000|  0%| F|  |TAMS 0x0000000087200000, 0x0000000087200000| Untracked 
| 115|0x0000000087300000, 0x0000000087300000, 0x0000000087400000|  0%| F|  |TAMS 0x0000000087300000, 0x0000000087300000| Untracked 
| 116|0x0000000087400000, 0x0000000087400000, 0x0000000087500000|  0%| F|  |TAMS 0x0000000087400000, 0x0000000087400000| Untracked 
| 117|0x0000000087500000, 0x0000000087500000, 0x0000000087600000|  0%| F|  |TAMS 0x0000000087500000, 0x0000000087500000| Untracked 
| 118|0x0000000087600000, 0x0000000087600000, 0x0000000087700000|  0%| F|  |TAMS 0x0000000087600000, 0x0000000087600000| Untracked 
| 119|0x0000000087700000, 0x0000000087700000, 0x0000000087800000|  0%| F|  |TAMS 0x0000000087700000, 0x0000000087700000| Untracked 
| 120|0x0000000087800000, 0x0000000087800000, 0x0000000087900000|  0%| F|  |TAMS 0x0000000087800000, 0x0000000087800000| Untracked 
| 121|0x0000000087900000, 0x0000000087900000, 0x0000000087a00000|  0%| F|  |TAMS 0x0000000087900000, 0x0000000087900000| Untracked 
| 122|0x0000000087a00000, 0x0000000087a00000, 0x0000000087b00000|  0%| F|  |TAMS 0x0000000087a00000, 0x0000000087a00000| Untracked 
| 123|0x0000000087b00000, 0x0000000087b00000, 0x0000000087c00000|  0%| F|  |TAMS 0x0000000087b00000, 0x0000000087b00000| Untracked 
| 124|0x0000000087c00000, 0x0000000087c00000, 0x0000000087d00000|  0%| F|  |TAMS 0x0000000087c00000, 0x0000000087c00000| Untracked 
| 125|0x0000000087d00000, 0x0000000087d00000, 0x0000000087e00000|  0%| F|  |TAMS 0x0000000087d00000, 0x0000000087d00000| Untracked 
| 126|0x0000000087e00000, 0x0000000087e00000, 0x0000000087f00000|  0%| F|  |TAMS 0x0000000087e00000, 0x0000000087e00000| Untracked 
| 127|0x0000000087f00000, 0x0000000087f00000, 0x0000000088000000|  0%| F|  |TAMS 0x0000000087f00000, 0x0000000087f00000| Untracked 
| 128|0x0000000088000000, 0x0000000088000000, 0x0000000088100000|  0%| F|  |TAMS 0x0000000088000000, 0x0000000088000000| Untracked 
| 129|0x0000000088100000, 0x0000000088100000, 0x0000000088200000|  0%| F|  |TAMS 0x0000000088100000, 0x0000000088100000| Untracked 
| 130|0x0000000088200000, 0x0000000088200000, 0x0000000088300000|  0%| F|  |TAMS 0x0000000088200000, 0x0000000088200000| Untracked 
| 131|0x0000000088300000, 0x0000000088300000, 0x0000000088400000|  0%| F|  |TAMS 0x0000000088300000, 0x0000000088300000| Untracked 
| 132|0x0000000088400000, 0x0000000088400000, 0x0000000088500000|  0%| F|  |TAMS 0x0000000088400000, 0x0000000088400000| Untracked 
| 133|0x0000000088500000, 0x0000000088500000, 0x0000000088600000|  0%| F|  |TAMS 0x0000000088500000, 0x0000000088500000| Untracked 
| 134|0x0000000088600000, 0x0000000088600000, 0x0000000088700000|  0%| F|  |TAMS 0x0000000088600000, 0x0000000088600000| Untracked 
| 135|0x0000000088700000, 0x0000000088700000, 0x0000000088800000|  0%| F|  |TAMS 0x0000000088700000, 0x0000000088700000| Untracked 
| 136|0x0000000088800000, 0x0000000088800000, 0x0000000088900000|  0%| F|  |TAMS 0x0000000088800000, 0x0000000088800000| Untracked 
| 137|0x0000000088900000, 0x0000000088900000, 0x0000000088a00000|  0%| F|  |TAMS 0x0000000088900000, 0x0000000088900000| Untracked 
| 138|0x0000000088a00000, 0x0000000088a00000, 0x0000000088b00000|  0%| F|  |TAMS 0x0000000088a00000, 0x0000000088a00000| Untracked 
| 139|0x0000000088b00000, 0x0000000088b00000, 0x0000000088c00000|  0%| F|  |TAMS 0x0000000088b00000, 0x0000000088b00000| Untracked 
| 140|0x0000000088c00000, 0x0000000088c00000, 0x0000000088d00000|  0%| F|  |TAMS 0x0000000088c00000, 0x0000000088c00000| Untracked 
| 141|0x0000000088d00000, 0x0000000088d00000, 0x0000000088e00000|  0%| F|  |TAMS 0x0000000088d00000, 0x0000000088d00000| Untracked 
| 142|0x0000000088e00000, 0x0000000088e00000, 0x0000000088f00000|  0%| F|  |TAMS 0x0000000088e00000, 0x0000000088e00000| Untracked 
| 143|0x0000000088f00000, 0x0000000088f00000, 0x0000000089000000|  0%| F|  |TAMS 0x0000000088f00000, 0x0000000088f00000| Untracked 
| 144|0x0000000089000000, 0x0000000089000000, 0x0000000089100000|  0%| F|  |TAMS 0x0000000089000000, 0x0000000089000000| Untracked 
| 145|0x0000000089100000, 0x0000000089100000, 0x0000000089200000|  0%| F|  |TAMS 0x0000000089100000, 0x0000000089100000| Untracked 
| 146|0x0000000089200000, 0x0000000089200000, 0x0000000089300000|  0%| F|  |TAMS 0x0000000089200000, 0x0000000089200000| Untracked 
| 147|0x0000000089300000, 0x0000000089300000, 0x0000000089400000|  0%| F|  |TAMS 0x0000000089300000, 0x0000000089300000| Untracked 
| 148|0x0000000089400000, 0x0000000089400000, 0x0000000089500000|  0%| F|  |TAMS 0x0000000089400000, 0x0000000089400000| Untracked 
| 149|0x0000000089500000, 0x0000000089500000, 0x0000000089600000|  0%| F|  |TAMS 0x0000000089500000, 0x0000000089500000| Untracked 
| 150|0x0000000089600000, 0x0000000089600000, 0x0000000089700000|  0%| F|  |TAMS 0x0000000089600000, 0x0000000089600000| Untracked 
| 151|0x0000000089700000, 0x0000000089700000, 0x0000000089800000|  0%| F|  |TAMS 0x0000000089700000, 0x0000000089700000| Untracked 
| 152|0x0000000089800000, 0x0000000089800000, 0x0000000089900000|  0%| F|  |TAMS 0x0000000089800000, 0x0000000089800000| Untracked 
| 153|0x0000000089900000, 0x0000000089900000, 0x0000000089a00000|  0%| F|  |TAMS 0x0000000089900000, 0x0000000089900000| Untracked 
| 154|0x0000000089a00000, 0x0000000089a00000, 0x0000000089b00000|  0%| F|  |TAMS 0x0000000089a00000, 0x0000000089a00000| Untracked 
| 155|0x0000000089b00000, 0x0000000089b00000, 0x0000000089c00000|  0%| F|  |TAMS 0x0000000089b00000, 0x0000000089b00000| Untracked 
| 156|0x0000000089c00000, 0x0000000089c00000, 0x0000000089d00000|  0%| F|  |TAMS 0x0000000089c00000, 0x0000000089c00000| Untracked 
| 157|0x0000000089d00000, 0x0000000089d00000, 0x0000000089e00000|  0%| F|  |TAMS 0x0000000089d00000, 0x0000000089d00000| Untracked 
| 158|0x0000000089e00000, 0x0000000089e00000, 0x0000000089f00000|  0%| F|  |TAMS 0x0000000089e00000, 0x0000000089e00000| Untracked 
| 159|0x0000000089f00000, 0x0000000089f00000, 0x000000008a000000|  0%| F|  |TAMS 0x0000000089f00000, 0x0000000089f00000| Untracked 
| 160|0x000000008a000000, 0x000000008a000000, 0x000000008a100000|  0%| F|  |TAMS 0x000000008a000000, 0x000000008a000000| Untracked 
| 161|0x000000008a100000, 0x000000008a100000, 0x000000008a200000|  0%| F|  |TAMS 0x000000008a100000, 0x000000008a100000| Untracked 
| 162|0x000000008a200000, 0x000000008a200000, 0x000000008a300000|  0%| F|  |TAMS 0x000000008a200000, 0x000000008a200000| Untracked 
| 163|0x000000008a300000, 0x000000008a300000, 0x000000008a400000|  0%| F|  |TAMS 0x000000008a300000, 0x000000008a300000| Untracked 
| 164|0x000000008a400000, 0x000000008a400000, 0x000000008a500000|  0%| F|  |TAMS 0x000000008a400000, 0x000000008a400000| Untracked 
| 165|0x000000008a500000, 0x000000008a500000, 0x000000008a600000|  0%| F|  |TAMS 0x000000008a500000, 0x000000008a500000| Untracked 
| 166|0x000000008a600000, 0x000000008a600000, 0x000000008a700000|  0%| F|  |TAMS 0x000000008a600000, 0x000000008a600000| Untracked 
| 167|0x000000008a700000, 0x000000008a700000, 0x000000008a800000|  0%| F|  |TAMS 0x000000008a700000, 0x000000008a700000| Untracked 
| 168|0x000000008a800000, 0x000000008a800000, 0x000000008a900000|  0%| F|  |TAMS 0x000000008a800000, 0x000000008a800000| Untracked 
| 169|0x000000008a900000, 0x000000008a900000, 0x000000008aa00000|  0%| F|  |TAMS 0x000000008a900000, 0x000000008a900000| Untracked 
| 170|0x000000008aa00000, 0x000000008aa00000, 0x000000008ab00000|  0%| F|  |TAMS 0x000000008aa00000, 0x000000008aa00000| Untracked 
| 171|0x000000008ab00000, 0x000000008ab00000, 0x000000008ac00000|  0%| F|  |TAMS 0x000000008ab00000, 0x000000008ab00000| Untracked 
| 172|0x000000008ac00000, 0x000000008ac00000, 0x000000008ad00000|  0%| F|  |TAMS 0x000000008ac00000, 0x000000008ac00000| Untracked 
| 173|0x000000008ad00000, 0x000000008ad00000, 0x000000008ae00000|  0%| F|  |TAMS 0x000000008ad00000, 0x000000008ad00000| Untracked 
| 174|0x000000008ae00000, 0x000000008ae00000, 0x000000008af00000|  0%| F|  |TAMS 0x000000008ae00000, 0x000000008ae00000| Untracked 
| 219|0x000000008db00000, 0x000000008db00000, 0x000000008dc00000|  0%| F|  |TAMS 0x000000008db00000, 0x000000008db00000| Untracked 
|2045|0x00000000ffd00000, 0x00000000ffe00000, 0x00000000ffe00000|100%| O|  |TAMS 0x00000000ffe00000, 0x00000000ffd00000| Untracked 
|2046|0x00000000ffe00000, 0x00000000fff00000, 0x00000000fff00000|100%| O|  |TAMS 0x00000000fff00000, 0x00000000ffe00000| Untracked 
|2047|0x00000000fff00000, 0x0000000100000000, 0x0000000100000000|100%| O|  |TAMS 0x0000000100000000, 0x00000000fff00000| Untracked 

Card table byte_map: [0x0000020b6c110000,0x0000020b6c510000] _byte_map_base: 0x0000020b6bd10000

Marking Bits (Prev, Next): (CMBitMap*) 0x0000020b59013750, (CMBitMap*) 0x0000020b59013790
 Prev Bits: [0x0000020b6c910000, 0x0000020b6e910000)
 Next Bits: [0x0000020b6e910000, 0x0000020b70910000)

Polling page: 0x0000020b56fa0000

Metaspace:

Usage:
  Non-class:     56.41 MB used.
      Class:      8.57 MB used.
       Both:     64.97 MB used.

Virtual space:
  Non-class space:       64.00 MB reserved,      56.69 MB ( 89%) committed,  8 nodes.
      Class space:        1.00 GB reserved,       8.88 MB ( <1%) committed,  1 nodes.
             Both:        1.06 GB reserved,      65.56 MB (  6%) committed. 

Chunk freelists:
   Non-Class:  3.17 MB
       Class:  2.98 MB
        Both:  6.16 MB

MaxMetaspaceSize: unlimited
CompressedClassSpaceSize: 1.00 GB
Initial GC threshold: 21.00 MB
Current GC threshold: 107.44 MB
CDS: off
MetaspaceReclaimPolicy: balanced
 - commit_granule_bytes: 65536.
 - commit_granule_words: 8192.
 - virtual_space_node_default_size: 1048576.
 - enlarge_chunks_in_place: 1.
 - new_chunks_are_fully_committed: 0.
 - uncommit_free_chunks: 1.
 - use_allocation_guard: 0.
 - handle_deallocations: 1.


Internal statistics:

num_allocs_failed_limit: 6.
num_arena_births: 706.
num_arena_deaths: 0.
num_vsnodes_births: 9.
num_vsnodes_deaths: 0.
num_space_committed: 1049.
num_space_uncommitted: 0.
num_chunks_returned_to_freelist: 6.
num_chunks_taken_from_freelist: 2878.
num_chunk_merges: 6.
num_chunk_splits: 1925.
num_chunks_enlarged: 1336.
num_purges: 0.
num_inconsistent_stats: 0.

CodeHeap 'non-profiled nmethods': size=119168Kb used=3656Kb max_used=3656Kb free=115511Kb
 bounds [0x0000020b64020000, 0x0000020b643c0000, 0x0000020b6b480000]
CodeHeap 'profiled nmethods': size=119104Kb used=12320Kb max_used=12320Kb free=106783Kb
 bounds [0x0000020b5c480000, 0x0000020b5d090000, 0x0000020b638d0000]
CodeHeap 'non-nmethods': size=7488Kb used=4042Kb max_used=4106Kb free=3445Kb
 bounds [0x0000020b638d0000, 0x0000020b63ce0000, 0x0000020b64020000]
 total_blobs=7360 nmethods=6477 adapters=791
 compilation: enabled
              stopped_count=0, restarted_count=0
 full_count=0

Compilation events (20 events):
Event: 4.765 Thread 0x0000020b74482fd0 7296       3       org.gradle.cache.internal.DefaultCrossBuildInMemoryCacheFactory$DefaultClassMap::maybeGetRetainedValue (12 bytes)
Event: 4.765 Thread 0x0000020b74a6ce80 nmethod 7295 0x0000020b5d085710 code [0x0000020b5d0858e0, 0x0000020b5d085c38]
Event: 4.765 Thread 0x0000020b74482fd0 nmethod 7296 0x0000020b5d085d90 code [0x0000020b5d085fc0, 0x0000020b5d0869b8]
Event: 4.766 Thread 0x0000020b747fcf90 nmethod 7286 0x0000020b643add90 code [0x0000020b643adf60, 0x0000020b643ae4b8]
Event: 4.766 Thread 0x0000020b74482fd0 7297       3       java.lang.System$2::getConstantPool (5 bytes)
Event: 4.766 Thread 0x0000020b74482fd0 nmethod 7297 0x0000020b5d086c90 code [0x0000020b5d086e40, 0x0000020b5d086f88]
Event: 4.766 Thread 0x0000020b74481520 7298       4       jdk.internal.org.objectweb.asm.MethodWriter::visitFieldInsn (258 bytes)
Event: 4.767 Thread 0x0000020b75369180 7299       3       java.lang.reflect.Constructor::getGenericParameterTypes (5 bytes)
Event: 4.768 Thread 0x0000020b74a6ce80 7300       3       org.gradle.cache.internal.DefaultCrossBuildInMemoryCacheFactory$DefaultClassMap::retainValue (10 bytes)
Event: 4.768 Thread 0x0000020b74482fd0 7301       3       org.gradle.cache.internal.DefaultCrossBuildInMemoryCacheFactory$DefaultClassMap::retainValue (14 bytes)
Event: 4.768 Thread 0x0000020b75369180 nmethod 7299 0x0000020b5d087090 code [0x0000020b5d087320, 0x0000020b5d0882b8]
Event: 4.768 Thread 0x0000020b74a6ce80 nmethod 7300 0x0000020b5d088710 code [0x0000020b5d0888e0, 0x0000020b5d088c38]
Event: 4.769 Thread 0x0000020b74482fd0 nmethod 7301 0x0000020b5d088d90 code [0x0000020b5d088fc0, 0x0000020b5d0899d8]
Event: 4.770 Thread 0x0000020b74481520 nmethod 7298 0x0000020b643aea10 code [0x0000020b643aebe0, 0x0000020b643af050]
Event: 4.770 Thread 0x0000020b74a6ce80 7302       1       org.gradle.model.internal.asm.AsmClassGenerator::getVisitor (5 bytes)
Event: 4.770 Thread 0x0000020b74a6ce80 nmethod 7302 0x0000020b643af510 code [0x0000020b643af6a0, 0x0000020b643af778]
Event: 4.771 Thread 0x0000020b74a6ce80 7303       3       org.gradle.internal.instantiation.generator.AsmBackedClassGenerator$ClassBuilderImpl::access$6200 (4 bytes)
Event: 4.771 Thread 0x0000020b74a6ce80 nmethod 7303 0x0000020b5cb2ac10 code [0x0000020b5cb2ada0, 0x0000020b5cb2ae98]
Event: 4.772 Thread 0x0000020b7475d640 nmethod 7293 0x0000020b643af810 code [0x0000020b643af9e0, 0x0000020b643b09f8]
Event: 4.772 Thread 0x0000020b778ba090 nmethod 7289 0x0000020b643b1210 code [0x0000020b643b13e0, 0x0000020b643b1c58]

GC Heap History (20 events):
Event: 2.284 GC heap after
{Heap after GC invocations=9 (full 0):
 garbage-first heap   total 65536K, used 24135K [0x0000000080000000, 0x0000000100000000)
  region size 1024K, 3 young (3072K), 3 survivors (3072K)
 Metaspace       used 35594K, committed 35968K, reserved 1081344K
  class space    used 4867K, committed 5056K, reserved 1048576K
}
Event: 2.530 GC heap before
{Heap before GC invocations=10 (full 0):
 garbage-first heap   total 65536K, used 47687K [0x0000000080000000, 0x0000000100000000)
  region size 1024K, 27 young (27648K), 3 survivors (3072K)
 Metaspace       used 40528K, committed 40832K, reserved 1089536K
  class space    used 5355K, committed 5504K, reserved 1048576K
}
Event: 2.532 GC heap after
{Heap after GC invocations=11 (full 0):
 garbage-first heap   total 65536K, used 27570K [0x0000000080000000, 0x0000000100000000)
  region size 1024K, 4 young (4096K), 4 survivors (4096K)
 Metaspace       used 40528K, committed 40832K, reserved 1089536K
  class space    used 5355K, committed 5504K, reserved 1048576K
}
Event: 2.534 GC heap before
{Heap before GC invocations=11 (full 0):
 garbage-first heap   total 65536K, used 28594K [0x0000000080000000, 0x0000000100000000)
  region size 1024K, 5 young (5120K), 4 survivors (4096K)
 Metaspace       used 40528K, committed 40832K, reserved 1089536K
  class space    used 5355K, committed 5504K, reserved 1048576K
}
Event: 2.535 GC heap after
{Heap after GC invocations=12 (full 0):
 garbage-first heap   total 93184K, used 27474K [0x0000000080000000, 0x0000000100000000)
  region size 1024K, 1 young (1024K), 1 survivors (1024K)
 Metaspace       used 40528K, committed 40832K, reserved 1089536K
  class space    used 5355K, committed 5504K, reserved 1048576K
}
Event: 2.883 GC heap before
{Heap before GC invocations=12 (full 0):
 garbage-first heap   total 93184K, used 71506K [0x0000000080000000, 0x0000000100000000)
  region size 1024K, 41 young (41984K), 1 survivors (1024K)
 Metaspace       used 44633K, committed 44992K, reserved 1089536K
  class space    used 5764K, committed 5952K, reserved 1048576K
}
Event: 2.884 GC heap after
{Heap after GC invocations=13 (full 0):
 garbage-first heap   total 93184K, used 30502K [0x0000000080000000, 0x0000000100000000)
  region size 1024K, 4 young (4096K), 4 survivors (4096K)
 Metaspace       used 44633K, committed 44992K, reserved 1089536K
  class space    used 5764K, committed 5952K, reserved 1048576K
}
Event: 3.276 GC heap before
{Heap before GC invocations=13 (full 0):
 garbage-first heap   total 93184K, used 69414K [0x0000000080000000, 0x0000000100000000)
  region size 1024K, 42 young (43008K), 4 survivors (4096K)
 Metaspace       used 49819K, committed 50304K, reserved 1097728K
  class space    used 6634K, committed 6848K, reserved 1048576K
}
Event: 3.278 GC heap after
{Heap after GC invocations=14 (full 0):
 garbage-first heap   total 93184K, used 32945K [0x0000000080000000, 0x0000000100000000)
  region size 1024K, 3 young (3072K), 3 survivors (3072K)
 Metaspace       used 49819K, committed 50304K, reserved 1097728K
  class space    used 6634K, committed 6848K, reserved 1048576K
}
Event: 3.698 GC heap before
{Heap before GC invocations=14 (full 0):
 garbage-first heap   total 93184K, used 70833K [0x0000000080000000, 0x0000000100000000)
  region size 1024K, 40 young (40960K), 3 survivors (3072K)
 Metaspace       used 53190K, committed 53632K, reserved 1097728K
  class space    used 7101K, committed 7296K, reserved 1048576K
}
Event: 3.700 GC heap after
{Heap after GC invocations=15 (full 0):
 garbage-first heap   total 93184K, used 35622K [0x0000000080000000, 0x0000000100000000)
  region size 1024K, 5 young (5120K), 5 survivors (5120K)
 Metaspace       used 53190K, committed 53632K, reserved 1097728K
  class space    used 7101K, committed 7296K, reserved 1048576K
}
Event: 3.961 GC heap before
{Heap before GC invocations=15 (full 0):
 garbage-first heap   total 93184K, used 80678K [0x0000000080000000, 0x0000000100000000)
  region size 1024K, 41 young (41984K), 5 survivors (5120K)
 Metaspace       used 54762K, committed 55232K, reserved 1097728K
  class space    used 7270K, committed 7488K, reserved 1048576K
}
Event: 3.964 GC heap after
{Heap after GC invocations=16 (full 0):
 garbage-first heap   total 96256K, used 52336K [0x0000000080000000, 0x0000000100000000)
  region size 1024K, 6 young (6144K), 6 survivors (6144K)
 Metaspace       used 54762K, committed 55232K, reserved 1097728K
  class space    used 7270K, committed 7488K, reserved 1048576K
}
Event: 4.182 GC heap before
{Heap before GC invocations=16 (full 0):
 garbage-first heap   total 96256K, used 73840K [0x0000000080000000, 0x0000000100000000)
  region size 1024K, 27 young (27648K), 6 survivors (6144K)
 Metaspace       used 57876K, committed 58304K, reserved 1105920K
  class space    used 7680K, committed 7872K, reserved 1048576K
}
Event: 4.185 GC heap after
{Heap after GC invocations=17 (full 0):
 garbage-first heap   total 96256K, used 53693K [0x0000000080000000, 0x0000000100000000)
  region size 1024K, 2 young (2048K), 2 survivors (2048K)
 Metaspace       used 57876K, committed 58304K, reserved 1105920K
  class space    used 7680K, committed 7872K, reserved 1048576K
}
Event: 4.397 GC heap before
{Heap before GC invocations=18 (full 0):
 garbage-first heap   total 96256K, used 75197K [0x0000000080000000, 0x0000000100000000)
  region size 1024K, 23 young (23552K), 2 survivors (2048K)
 Metaspace       used 61338K, committed 61888K, reserved 1105920K
  class space    used 8068K, committed 8320K, reserved 1048576K
}
Event: 4.398 GC heap after
{Heap after GC invocations=19 (full 0):
 garbage-first heap   total 96256K, used 54278K [0x0000000080000000, 0x0000000100000000)
  region size 1024K, 2 young (2048K), 2 survivors (2048K)
 Metaspace       used 61338K, committed 61888K, reserved 1105920K
  class space    used 8068K, committed 8320K, reserved 1048576K
}
Event: 4.653 GC heap before
{Heap before GC invocations=19 (full 0):
 garbage-first heap   total 96256K, used 73734K [0x0000000080000000, 0x0000000100000000)
  region size 1024K, 22 young (22528K), 2 survivors (2048K)
 Metaspace       used 65457K, committed 65984K, reserved 1105920K
  class space    used 8630K, committed 8896K, reserved 1048576K
}
Event: 4.655 GC heap after
{Heap after GC invocations=20 (full 0):
 garbage-first heap   total 96256K, used 56436K [0x0000000080000000, 0x0000000100000000)
  region size 1024K, 3 young (3072K), 3 survivors (3072K)
 Metaspace       used 65457K, committed 65984K, reserved 1105920K
  class space    used 8630K, committed 8896K, reserved 1048576K
}
Event: 4.774 GC heap before
{Heap before GC invocations=21 (full 0):
 garbage-first heap   total 117760K, used 83060K [0x0000000080000000, 0x0000000100000000)
  region size 1024K, 23 young (23552K), 3 survivors (3072K)
 Metaspace       used 66534K, committed 67136K, reserved 1114112K
  class space    used 8772K, committed 9088K, reserved 1048576K
}

Dll operation events (2 events):
Event: 0.005 Loaded shared library C:\Program Files\Android\Android Studio\jbr\bin\java.dll
Event: 0.264 Loaded shared library C:\Program Files\Android\Android Studio\jbr\bin\verify.dll

Deoptimization events (20 events):
Event: 4.742 Thread 0x0000020b769fce00 Uncommon trap: trap_request=0xffffff45 fr.pc=0x0000020b642e9fc4 relative=0x0000000000002d44
Event: 4.742 Thread 0x0000020b769fce00 Uncommon trap: reason=unstable_if action=reinterpret pc=0x0000020b642e9fc4 method=java.util.regex.Pattern.has(I)Z @ 6 c2
Event: 4.742 Thread 0x0000020b769fce00 DEOPT PACKING pc=0x0000020b642e9fc4 sp=0x000000eb122f58d0
Event: 4.742 Thread 0x0000020b769fce00 DEOPT UNPACKING pc=0x0000020b639269a3 sp=0x000000eb122f5850 mode 2
Event: 4.767 Thread 0x0000020b769fce00 Uncommon trap: trap_request=0xffffffc6 fr.pc=0x0000020b643ae350 relative=0x00000000000003f0
Event: 4.767 Thread 0x0000020b769fce00 Uncommon trap: reason=bimorphic_or_optimized_type_check action=maybe_recompile pc=0x0000020b643ae350 method=java.util.stream.MatchOps$1MatchSink.accept(Ljava/lang/Object;)V @ 12 c2
Event: 4.767 Thread 0x0000020b769fce00 DEOPT PACKING pc=0x0000020b643ae350 sp=0x000000eb122f52c0
Event: 4.767 Thread 0x0000020b769fce00 DEOPT UNPACKING pc=0x0000020b639269a3 sp=0x000000eb122f51e8 mode 2
Event: 4.767 Thread 0x0000020b769fce00 Uncommon trap: trap_request=0xffffffc6 fr.pc=0x0000020b643ae350 relative=0x00000000000003f0
Event: 4.767 Thread 0x0000020b769fce00 Uncommon trap: reason=bimorphic_or_optimized_type_check action=maybe_recompile pc=0x0000020b643ae350 method=java.util.stream.MatchOps$1MatchSink.accept(Ljava/lang/Object;)V @ 12 c2
Event: 4.767 Thread 0x0000020b769fce00 DEOPT PACKING pc=0x0000020b643ae350 sp=0x000000eb122f52c0
Event: 4.767 Thread 0x0000020b769fce00 DEOPT UNPACKING pc=0x0000020b639269a3 sp=0x000000eb122f51e8 mode 2
Event: 4.767 Thread 0x0000020b769fce00 Uncommon trap: trap_request=0xffffffc6 fr.pc=0x0000020b643ae350 relative=0x00000000000003f0
Event: 4.767 Thread 0x0000020b769fce00 Uncommon trap: reason=bimorphic_or_optimized_type_check action=maybe_recompile pc=0x0000020b643ae350 method=java.util.stream.MatchOps$1MatchSink.accept(Ljava/lang/Object;)V @ 12 c2
Event: 4.767 Thread 0x0000020b769fce00 DEOPT PACKING pc=0x0000020b643ae350 sp=0x000000eb122f52c0
Event: 4.767 Thread 0x0000020b769fce00 DEOPT UNPACKING pc=0x0000020b639269a3 sp=0x000000eb122f51e8 mode 2
Event: 4.767 Thread 0x0000020b769fce00 Uncommon trap: trap_request=0xffffffc6 fr.pc=0x0000020b643ae350 relative=0x00000000000003f0
Event: 4.767 Thread 0x0000020b769fce00 Uncommon trap: reason=bimorphic_or_optimized_type_check action=maybe_recompile pc=0x0000020b643ae350 method=java.util.stream.MatchOps$1MatchSink.accept(Ljava/lang/Object;)V @ 12 c2
Event: 4.767 Thread 0x0000020b769fce00 DEOPT PACKING pc=0x0000020b643ae350 sp=0x000000eb122f52c0
Event: 4.767 Thread 0x0000020b769fce00 DEOPT UNPACKING pc=0x0000020b639269a3 sp=0x000000eb122f51e8 mode 2

Classes unloaded (0 events):
No events

Classes redefined (0 events):
No events

Internal exceptions (20 events):
Event: 3.795 Thread 0x0000020b769ffe20 Exception <a 'java/lang/NoSuchMethodError'{0x0000000084d8ced0}: static Lorg/gradle/internal/build/event/types/DefaultOperationFinishedProgressEvent;.<clinit>()V> (0x0000000084d8ced0) 
thrown [s\src\hotspot\share\prims\jni.cpp, line 1108]
Event: 3.797 Thread 0x0000020b769ffe20 Exception <a 'java/lang/NoSuchMethodError'{0x0000000084db1f28}: static Lorg/gradle/internal/build/event/types/DefaultProjectConfigurationSuccessResult;.<clinit>()V> (0x0000000084db1f28) 
thrown [s\src\hotspot\share\prims\jni.cpp, line 1108]
Event: 3.797 Thread 0x0000020b769ffe20 Exception <a 'java/lang/NoSuchMethodError'{0x0000000084db3230}: static Lorg/gradle/internal/build/event/types/AbstractProjectConfigurationResult;.<clinit>()V> (0x0000000084db3230) 
thrown [s\src\hotspot\share\prims\jni.cpp, line 1108]
Event: 3.797 Thread 0x0000020b769ffe20 Exception <a 'java/lang/NoSuchMethodError'{0x0000000084db47a8}: static Lorg/gradle/internal/build/event/types/AbstractOperationResult;.<clinit>()V> (0x0000000084db47a8) 
thrown [s\src\hotspot\share\prims\jni.cpp, line 1108]
Event: 3.797 Thread 0x0000020b769ffe20 Exception <a 'java/lang/NoSuchMethodError'{0x0000000084db59c0}: static Lorg/gradle/internal/build/event/types/AbstractResult;.<clinit>()V> (0x0000000084db59c0) 
thrown [s\src\hotspot\share\prims\jni.cpp, line 1108]
Event: 3.798 Thread 0x0000020b769ffe20 Exception <a 'java/lang/NoSuchMethodError'{0x0000000084c0ceb8}: static Lorg/gradle/internal/build/event/types/DefaultPluginApplicationResult;.<clinit>()V> (0x0000000084c0ceb8) 
thrown [s\src\hotspot\share\prims\jni.cpp, line 1108]
Event: 3.799 Thread 0x0000020b769ffe20 Exception <a 'java/lang/NoSuchMethodError'{0x0000000084c18190}: static Lorg/gradle/internal/build/event/types/DefaultBinaryPluginIdentifier;.<clinit>()V> (0x0000000084c18190) 
thrown [s\src\hotspot\share\prims\jni.cpp, line 1108]
Event: 3.800 Thread 0x0000020b769ffe20 Exception <a 'java/lang/NoSuchMethodError'{0x0000000084c30830}: static Lorg/gradle/internal/build/event/types/DefaultScriptPluginIdentifier;.<clinit>()V> (0x0000000084c30830) 
thrown [s\src\hotspot\share\prims\jni.cpp, line 1108]
Event: 3.857 Thread 0x0000020b769fce00 Implicit null exception at 0x0000020b6431b512 to 0x0000020b6431bc00
Event: 3.857 Thread 0x0000020b769fce00 Implicit null exception at 0x0000020b6431ff14 to 0x0000020b643205e4
Event: 3.915 Thread 0x0000020b769fce00 Exception <a 'java/lang/ClassNotFoundException'{0x0000000083d9a530}: org/gradle/api/internal/plugins/DefaultObjectConfigurationActionBeanInfo> (0x0000000083d9a530) 
thrown [s\src\hotspot\share\classfile\systemDictionary.cpp, line 256]
Event: 3.915 Thread 0x0000020b769fce00 Exception <a 'java/lang/ClassNotFoundException'{0x0000000083dae2b8}: org/gradle/api/internal/plugins/DefaultObjectConfigurationActionCustomizer> (0x0000000083dae2b8) 
thrown [s\src\hotspot\share\classfile\systemDictionary.cpp, line 256]
Event: 3.998 Thread 0x0000020b769fce00 Exception <a 'java/lang/NoSuchMethodError'{0x000000008ab71b20}: 'java.lang.Object java.lang.invoke.DirectMethodHandle$Holder.newInvokeSpecial(java.lang.Object, java.lang.Object, java.lang.Object, java.lang.Object, int)'> (0x000000008ab71b20) 
thrown [s\src\hotspot\share\interpreter\linkResolver.cpp, line 771]
Event: 3.998 Thread 0x0000020b769fce00 Exception <a 'java/lang/NoSuchMethodError'{0x000000008ab76f68}: 'java.lang.Object java.lang.invoke.DirectMethodHandle$Holder.invokeSpecial(java.lang.Object, java.lang.Object, java.lang.Object, java.lang.Object, java.lang.Object, int)'> (0x000000008ab76f68) 
thrown [s\src\hotspot\share\interpreter\linkResolver.cpp, line 771]
Event: 3.998 Thread 0x0000020b769fce00 Exception <a 'java/lang/NoSuchMethodError'{0x000000008ab7bce8}: 'java.lang.Object java.lang.invoke.Invokers$Holder.linkToTargetMethod(java.lang.Object, java.lang.Object, java.lang.Object, int, java.lang.Object)'> (0x000000008ab7bce8) 
thrown [s\src\hotspot\share\interpreter\linkResolver.cpp, line 771]
Event: 4.145 Thread 0x0000020b769fce00 Exception <a 'java/lang/NoSuchMethodError'{0x0000000084920ca0}: 'int java.lang.invoke.DirectMethodHandle$Holder.invokeInterface(java.lang.Object, java.lang.Object, java.lang.Object, java.lang.Object)'> (0x0000000084920ca0) 
thrown [s\src\hotspot\share\interpreter\linkResolver.cpp, line 771]
Event: 4.487 Thread 0x0000020b769fce00 Exception <a 'java/lang/IncompatibleClassChangeError'{0x000000008a9741d8}: Found class java.lang.Object, but interface was expected> (0x000000008a9741d8) 
thrown [s\src\hotspot\share\interpreter\linkResolver.cpp, line 838]
Event: 4.522 Thread 0x0000020b769fce00 Implicit null exception at 0x0000020b642d6859 to 0x0000020b642d69f0
Event: 4.620 Thread 0x0000020b769fce00 Implicit null exception at 0x0000020b6420e98c to 0x0000020b6420eac2
Event: 4.693 Thread 0x0000020b769fce00 Exception <a 'sun/nio/fs/WindowsException'{0x00000000864c8060}> (0x00000000864c8060) 
thrown [s\src\hotspot\share\prims\jni.cpp, line 517]

VM Operations (20 events):
Event: 4.185 Executing VM operation: G1CollectForAllocation done
Event: 4.196 Executing VM operation: G1Concurrent
Event: 4.198 Executing VM operation: G1Concurrent done
Event: 4.203 Executing VM operation: G1Concurrent
Event: 4.204 Executing VM operation: G1Concurrent done
Event: 4.397 Executing VM operation: G1CollectForAllocation
Event: 4.398 Executing VM operation: G1CollectForAllocation done
Event: 4.605 Executing VM operation: HandshakeAllThreads
Event: 4.606 Executing VM operation: HandshakeAllThreads done
Event: 4.625 Executing VM operation: HandshakeAllThreads
Event: 4.626 Executing VM operation: HandshakeAllThreads done
Event: 4.626 Executing VM operation: HandshakeAllThreads
Event: 4.626 Executing VM operation: HandshakeAllThreads done
Event: 4.653 Executing VM operation: G1TryInitiateConcMark
Event: 4.655 Executing VM operation: G1TryInitiateConcMark done
Event: 4.670 Executing VM operation: G1Concurrent
Event: 4.673 Executing VM operation: G1Concurrent done
Event: 4.678 Executing VM operation: G1Concurrent
Event: 4.678 Executing VM operation: G1Concurrent done
Event: 4.774 Executing VM operation: G1CollectForAllocation

Events (20 events):
Event: 4.640 loading class java/security/SignatureException
Event: 4.640 loading class java/security/SignatureException done
Event: 4.642 loading class sun/security/rsa/RSASignature$SHA256withRSA
Event: 4.642 loading class sun/security/rsa/RSASignature$SHA256withRSA done
Event: 4.643 loading class sun/security/provider/DSA$SHA256withDSA
Event: 4.643 loading class sun/security/provider/DSA$SHA256withDSA done
Event: 4.649 loading class java/util/Base64
Event: 4.649 loading class java/util/Base64 done
Event: 4.649 loading class java/util/Base64$Decoder
Event: 4.649 loading class java/util/Base64$Decoder done
Event: 4.649 loading class java/util/Base64$Encoder
Event: 4.649 loading class java/util/Base64$Encoder done
Event: 4.650 loading class java/util/jar/JarVerifier$VerifierStream
Event: 4.650 loading class java/util/jar/JarVerifier$VerifierStream done
Event: 4.650 loading class sun/security/util/ManifestEntryVerifier$SunProviderHolder
Event: 4.650 loading class sun/security/util/ManifestEntryVerifier$SunProviderHolder done
Event: 4.691 loading class java/security/KeyStore$ProtectionParameter
Event: 4.691 loading class java/security/KeyStore$ProtectionParameter done
Event: 4.692 loading class sun/nio/fs/WindowsException
Event: 4.693 loading class sun/nio/fs/WindowsException done


Dynamic libraries:
0x00007ff7e1ca0000 - 0x00007ff7e1caa000 	C:\Program Files\Android\Android Studio\jbr\bin\java.exe
0x00007ffa55330000 - 0x00007ffa55547000 	C:\Windows\SYSTEM32\ntdll.dll
0x00007ffa54840000 - 0x00007ffa54904000 	C:\Windows\System32\KERNEL32.DLL
0x00007ffa52720000 - 0x00007ffa52ac6000 	C:\Windows\System32\KERNELBASE.dll
0x00007ffa52ad0000 - 0x00007ffa52be1000 	C:\Windows\System32\ucrtbase.dll
0x00007ffa41f20000 - 0x00007ffa41f37000 	C:\Program Files\Android\Android Studio\jbr\bin\jli.dll
0x00007ffa312b0000 - 0x00007ffa312cb000 	C:\Program Files\Android\Android Studio\jbr\bin\VCRUNTIME140.dll
0x00007ffa533d0000 - 0x00007ffa5357d000 	C:\Windows\System32\USER32.dll
0x00007ffa52d60000 - 0x00007ffa52d86000 	C:\Windows\System32\win32u.dll
0x00007ffa54e30000 - 0x00007ffa54e59000 	C:\Windows\System32\GDI32.dll
0x00007ffa2eb20000 - 0x00007ffa2edb3000 	C:\Windows\WinSxS\amd64_microsoft.windows.common-controls_6595b64144ccf1df_6.0.22621.2361_none_2712ced57382f843\COMCTL32.dll
0x00007ffa52ef0000 - 0x00007ffa53008000 	C:\Windows\System32\gdi32full.dll
0x00007ffa52e50000 - 0x00007ffa52eea000 	C:\Windows\System32\msvcp_win.dll
0x00007ffa54d80000 - 0x00007ffa54e27000 	C:\Windows\System32\msvcrt.dll
0x00007ffa54d40000 - 0x00007ffa54d71000 	C:\Windows\System32\IMM32.DLL
0x00007ffa49730000 - 0x00007ffa4973c000 	C:\Program Files\Android\Android Studio\jbr\bin\vcruntime140_1.dll
0x00007ffa16230000 - 0x00007ffa162bd000 	C:\Program Files\Android\Android Studio\jbr\bin\msvcp140.dll
0x00007ffa03f40000 - 0x00007ffa04bae000 	C:\Program Files\Android\Android Studio\jbr\bin\server\jvm.dll
0x00007ffa53200000 - 0x00007ffa532b0000 	C:\Windows\System32\ADVAPI32.dll
0x00007ffa537c0000 - 0x00007ffa53866000 	C:\Windows\System32\sechost.dll
0x00007ffa532b0000 - 0x00007ffa533c7000 	C:\Windows\System32\RPCRT4.dll
0x00007ffa4f310000 - 0x00007ffa4f319000 	C:\Windows\SYSTEM32\WSOCK32.dll
0x00007ffa53740000 - 0x00007ffa537b1000 	C:\Windows\System32\WS2_32.dll
0x00007ffa4c400000 - 0x00007ffa4c434000 	C:\Windows\SYSTEM32\WINMM.dll
0x00007ffa4a180000 - 0x00007ffa4a18a000 	C:\Windows\SYSTEM32\VERSION.dll
0x00007ffa51650000 - 0x00007ffa51668000 	C:\Windows\SYSTEM32\kernel.appcore.dll
0x00007ffa4dc20000 - 0x00007ffa4dc2a000 	C:\Program Files\Android\Android Studio\jbr\bin\jimage.dll
0x00007ffa50230000 - 0x00007ffa5045e000 	C:\Windows\SYSTEM32\DBGHELP.DLL
0x00007ffa54420000 - 0x00007ffa547aa000 	C:\Windows\System32\combase.dll
0x00007ffa54b60000 - 0x00007ffa54c37000 	C:\Windows\System32\OLEAUT32.dll
0x00007ffa465c0000 - 0x00007ffa465f2000 	C:\Windows\SYSTEM32\dbgcore.DLL
0x00007ffa53010000 - 0x00007ffa5308a000 	C:\Windows\System32\bcryptPrimitives.dll
0x00007ffa45800000 - 0x00007ffa45825000 	C:\Program Files\Android\Android Studio\jbr\bin\java.dll
0x00007ffa45e80000 - 0x00007ffa45e98000 	C:\Program Files\Android\Android Studio\jbr\bin\zip.dll
0x00007ffa53b40000 - 0x00007ffa54398000 	C:\Windows\System32\SHELL32.dll
0x00007ffa505c0000 - 0x00007ffa50eb2000 	C:\Windows\SYSTEM32\windows.storage.dll
0x00007ffa50480000 - 0x00007ffa505be000 	C:\Windows\SYSTEM32\wintypes.dll
0x00007ffa54c40000 - 0x00007ffa54d33000 	C:\Windows\System32\SHCORE.dll
0x00007ffa54b00000 - 0x00007ffa54b5e000 	C:\Windows\System32\shlwapi.dll
0x00007ffa525e0000 - 0x00007ffa52606000 	C:\Windows\SYSTEM32\profapi.dll
0x00007ffa45e40000 - 0x00007ffa45e59000 	C:\Program Files\Android\Android Studio\jbr\bin\net.dll
0x00007ffa4dec0000 - 0x00007ffa4dff7000 	C:\Windows\SYSTEM32\WINHTTP.dll
0x00007ffa51b30000 - 0x00007ffa51b99000 	C:\Windows\system32\mswsock.dll
0x00007ffa448d0000 - 0x00007ffa448e6000 	C:\Program Files\Android\Android Studio\jbr\bin\nio.dll
0x00007ffa4c460000 - 0x00007ffa4c470000 	C:\Program Files\Android\Android Studio\jbr\bin\verify.dll
0x00007ffa45cd0000 - 0x00007ffa45cf7000 	C:\Users\Immanuel Bierer\.gradle\native\68d5fa5c4cc2d200863cafc0d521ce42e7d3e7ee720ec0a83991735586a16f82\windows-amd64\native-platform.dll
0x00007ffa142a0000 - 0x00007ffa143e4000 	C:\Users\Immanuel Bierer\.gradle\native\e376f236ea51e6404a007f0833ffe2c6e607c4080706a723a18a27aeea778392\windows-amd64\native-platform-file-events.dll
0x00007ffa49760000 - 0x00007ffa49769000 	C:\Program Files\Android\Android Studio\jbr\bin\management.dll
0x00007ffa49700000 - 0x00007ffa4970b000 	C:\Program Files\Android\Android Studio\jbr\bin\management_ext.dll
0x00007ffa53940000 - 0x00007ffa53948000 	C:\Windows\System32\PSAPI.DLL
0x00007ffa51d60000 - 0x00007ffa51d7b000 	C:\Windows\SYSTEM32\CRYPTSP.dll
0x00007ffa51610000 - 0x00007ffa51645000 	C:\Windows\system32\rsaenh.dll
0x00007ffa51bf0000 - 0x00007ffa51c1c000 	C:\Windows\SYSTEM32\USERENV.dll
0x00007ffa51ff0000 - 0x00007ffa52018000 	C:\Windows\SYSTEM32\bcrypt.dll
0x00007ffa51d80000 - 0x00007ffa51d8c000 	C:\Windows\SYSTEM32\CRYPTBASE.dll
0x00007ffa51160000 - 0x00007ffa5118d000 	C:\Windows\SYSTEM32\IPHLPAPI.DLL
0x00007ffa539c0000 - 0x00007ffa539c9000 	C:\Windows\System32\NSI.dll
0x00007ffa4d920000 - 0x00007ffa4d939000 	C:\Windows\SYSTEM32\dhcpcsvc6.DLL
0x00007ffa4d560000 - 0x00007ffa4d57f000 	C:\Windows\SYSTEM32\dhcpcsvc.DLL
0x00007ffa51190000 - 0x00007ffa51289000 	C:\Windows\SYSTEM32\DNSAPI.dll
0x00007ffa496b0000 - 0x00007ffa496b8000 	C:\Windows\system32\wshunix.dll

dbghelp: loaded successfully - version: 4.0.5 - missing functions: none
symbol engine: initialized successfully - sym options: 0x614 - pdb path: .;C:\Program Files\Android\Android Studio\jbr\bin;C:\Windows\SYSTEM32;C:\Windows\WinSxS\amd64_microsoft.windows.common-controls_6595b64144ccf1df_6.0.22621.2361_none_2712ced57382f843;C:\Program Files\Android\Android Studio\jbr\bin\server;C:\Users\Immanuel Bierer\.gradle\native\68d5fa5c4cc2d200863cafc0d521ce42e7d3e7ee720ec0a83991735586a16f82\windows-amd64;C:\Users\Immanuel Bierer\.gradle\native\e376f236ea51e6404a007f0833ffe2c6e607c4080706a723a18a27aeea778392\windows-amd64

VM Arguments:
jvm_args: --add-opens=java.base/java.util=ALL-UNNAMED --add-opens=java.base/java.lang=ALL-UNNAMED --add-opens=java.base/java.lang.invoke=ALL-UNNAMED --add-opens=java.prefs/java.util.prefs=ALL-UNNAMED --add-opens=java.base/java.nio.charset=ALL-UNNAMED --add-opens=java.base/java.net=ALL-UNNAMED --add-opens=java.base/java.util.concurrent.atomic=ALL-UNNAMED -Xmx2048m -Dfile.encoding=UTF-8 -Duser.country=US -Duser.language=en -Duser.variant 
java_command: org.gradle.launcher.daemon.bootstrap.GradleDaemon 8.0
java_class_path (initial): C:\Users\Immanuel Bierer\.gradle\wrapper\dists\gradle-8.0-bin\ca5e32bp14vu59qr306oxotwh\gradle-8.0\lib\gradle-launcher-8.0.jar
Launcher Type: SUN_STANDARD

[Global flags]
     intx CICompilerCount                          = 12                                        {product} {ergonomic}
     uint ConcGCThreads                            = 3                                         {product} {ergonomic}
     uint G1ConcRefinementThreads                  = 13                                        {product} {ergonomic}
   size_t G1HeapRegionSize                         = 1048576                                   {product} {ergonomic}
    uintx GCDrainStackTargetSize                   = 64                                        {product} {ergonomic}
   size_t InitialHeapSize                          = 230686720                                 {product} {ergonomic}
   size_t MarkStackSize                            = 4194304                                   {product} {ergonomic}
   size_t MaxHeapSize                              = 2147483648                                {product} {command line}
   size_t MaxNewSize                               = 1287651328                                {product} {ergonomic}
   size_t MinHeapDeltaBytes                        = 1048576                                   {product} {ergonomic}
   size_t MinHeapSize                              = 8388608                                   {product} {ergonomic}
    uintx NonNMethodCodeHeapSize                   = 7602480                                {pd product} {ergonomic}
    uintx NonProfiledCodeHeapSize                  = 122027880                              {pd product} {ergonomic}
    uintx ProfiledCodeHeapSize                     = 122027880                              {pd product} {ergonomic}
    uintx ReservedCodeCacheSize                    = 251658240                              {pd product} {ergonomic}
     bool SegmentedCodeCache                       = true                                      {product} {ergonomic}
   size_t SoftMaxHeapSize                          = 2147483648                             {manageable} {ergonomic}
     bool UseCompressedClassPointers               = true                           {product lp64_product} {ergonomic}
     bool UseCompressedOops                        = true                           {product lp64_product} {ergonomic}
     bool UseG1GC                                  = true                                      {product} {ergonomic}
     bool UseLargePagesIndividualAllocation        = false                                  {pd product} {ergonomic}

Logging:
Log output configuration:
 #0: stdout all=warning uptime,level,tags
 #1: stderr all=off uptime,level,tags

Environment Variables:
PATH=C:\Windows\system32;C:\Windows;C:\Windows\System32\Wbem;C:\Windows\System32\WindowsPowerShell\v1.0\;C:\Windows\System32\OpenSSH\;C:\Program Files (x86)\NVIDIA Corporation\PhysX\Common;C:\Program Files\NVIDIA Corporation\NVIDIA NvDLISR;C:\Program Files\Git\cmd;C:\Users\Immanuel Bierer\AppData\Local\Microsoft\WindowsApps;
USERNAME=Immanuel Bierer
OS=Windows_NT
PROCESSOR_IDENTIFIER=AMD64 Family 25 Model 68 Stepping 1, AuthenticAMD
TMP=C:\Users\IMMANU~1\AppData\Local\Temp
TEMP=C:\Users\IMMANU~1\AppData\Local\Temp


JNI global refs:
JNI global refs: 32, weak refs: 0

JNI global refs memory usage: 843, weak refs: 841


---------------  S Y S T E M  ---------------

OS:
 Windows 11 , 64 bit Build 22621 (10.0.22621.2428)
OS uptime: 10 days 19:03 hours
Hyper-V role detected

CPU: total 16 (initial active 16) (16 cores per cpu, 2 threads per core) family 25 model 68 stepping 1 microcode 0x0, cx8, cmov, fxsr, ht, mmx, 3dnowpref, sse, sse2, sse3, ssse3, sse4a, sse4.1, sse4.2, popcnt, lzcnt, tsc, tscinvbit, avx, avx2, aes, erms, clmul, bmi1, bmi2, adx, sha, fma, vzeroupper, clflush, clflushopt, hv

Memory: 4k page, system-wide physical 14020M (798M free)
TotalPageFile size 57028M (AvailPageFile size 37M)
current process WorkingSet (physical memory assigned to process): 345M, peak: 345M
current process commit charge ("private bytes"): 466M, peak: 510M

vm_info: OpenJDK 64-Bit Server VM (17.0.6+0-b2043.56-10027231) for windows-amd64 JRE (17.0.6+0-b2043.56-10027231), built on Apr 28 2023 00:43:19 by "androidbuild" with MS VC++ 16.10 / 16.11 (VS2019)

END.
